"../../../Engine/Content/EditorResources/S_Actor.ubulk" 0
"../../../Engine/Content/EditorResources/S_Actor.uasset" 1
"../../../Engine/Content/EditorResources/S_Actor.uexp" 2
"../../../Engine/Content/EditorResources/S_BoxReflectionCapture.uasset" 3
"../../../Engine/Content/EditorResources/S_BoxReflectionCapture.uexp" 4
"../../../Engine/Content/EngineResources/DefaultTexture.ubulk" 5
"../../../Engine/Content/EngineResources/DefaultTexture.uasset" 6
"../../../Engine/Content/EngineResources/DefaultTexture.uexp" 7
"../../../Engine/Content/EngineResources/DefaultTextureCube.uasset" 8
"../../../Engine/Content/EngineResources/DefaultTextureCube.uexp" 9
"../../../Engine/Content/EngineResources/DefaultVolumeTexture2D.uasset" 10
"../../../Engine/Content/EngineResources/DefaultVolumeTexture2D.uexp" 11
"../../../Engine/Content/EngineResources/DefaultVolumeTexture.uasset" 12
"../../../Engine/Content/EngineResources/DefaultVolumeTexture.uexp" 13
"../../../Engine/Content/EditorResources/S_Trigger.ubulk" 14
"../../../Engine/Content/EditorResources/S_Trigger.uasset" 15
"../../../Engine/Content/EditorResources/S_Trigger.uexp" 16
"../../../Engine/Content/EditorResources/S_TriggerBox.uasset" 17
"../../../Engine/Content/EditorResources/S_TriggerBox.uexp" 18
"../../../Engine/Content/EditorResources/S_TriggerCapsule.uasset" 19
"../../../Engine/Content/EditorResources/S_TriggerCapsule.uexp" 20
"../../../Engine/Content/EditorResources/S_TriggerSphere.uasset" 21
"../../../Engine/Content/EditorResources/S_TriggerSphere.uexp" 22
"../../../Engine/Content/EngineMeshes/Sphere.ubulk" 23
"../../../Engine/Content/EngineMeshes/Sphere.uasset" 24
"../../../Engine/Content/EngineMeshes/Sphere.uexp" 25
"../../../Engine/Content/EngineResources/GradientTexture0.uasset" 26
"../../../Engine/Content/EngineResources/GradientTexture0.uexp" 27
"../../../Engine/Content/EngineResources/Black.uasset" 28
"../../../Engine/Content/EngineResources/Black.uexp" 29
"../../../Engine/Content/VREditor/LaserPointer/VR_LaserPower_01.ubulk" 30
"../../../Engine/Content/VREditor/LaserPointer/VR_LaserPower_01.uasset" 31
"../../../Engine/Content/VREditor/LaserPointer/VR_LaserPower_01.uexp" 32
"../../../Engine/Content/VREditor/TransformGizmo/TransformGizmoMaterial.uasset" 33
"../../../Engine/Content/VREditor/TransformGizmo/TransformGizmoMaterial.uexp" 34
"../../../Engine/Content/VREditor/TransformGizmo/TranslucentTransformGizmoMaterial.uasset" 35
"../../../Engine/Content/VREditor/TransformGizmo/TranslucentTransformGizmoMaterial.uexp" 36
"../../../Engine/Content/VREditor/TransformGizmo/PlaneTranslationHandle.ubulk" 37
"../../../Engine/Content/VREditor/TransformGizmo/PlaneTranslationHandle.uasset" 38
"../../../Engine/Content/VREditor/TransformGizmo/PlaneTranslationHandle.uexp" 39
"../../../Engine/Content/VREditor/TransformGizmo/BoundingBoxCorner.ubulk" 40
"../../../Engine/Content/VREditor/TransformGizmo/BoundingBoxCorner.uasset" 41
"../../../Engine/Content/VREditor/TransformGizmo/BoundingBoxCorner.uexp" 42
"../../../Engine/Content/VREditor/TransformGizmo/BoundingBoxEdge.ubulk" 43
"../../../Engine/Content/VREditor/TransformGizmo/BoundingBoxEdge.uasset" 44
"../../../Engine/Content/VREditor/TransformGizmo/BoundingBoxEdge.uexp" 45
"../../../Engine/Content/VREditor/TransformGizmo/Main.uasset" 46
"../../../Engine/Content/VREditor/TransformGizmo/Main.uexp" 47
"../../../Engine/Content/VREditor/TransformGizmo/Xray.uasset" 48
"../../../Engine/Content/VREditor/TransformGizmo/Xray.uexp" 49
"../../../Engine/Content/VREditor/TransformGizmo/SM_Sequencer_Node.ubulk" 50
"../../../Engine/Content/VREditor/TransformGizmo/SM_Sequencer_Node.uasset" 51
"../../../Engine/Content/VREditor/TransformGizmo/SM_Sequencer_Node.uexp" 52
"../../../Engine/Content/EditorMaterials/Camera/CineMat.uasset" 53
"../../../Engine/Content/EditorMaterials/Camera/CineMat.uexp" 54
"../../../Engine/Content/EditorMaterials/Camera/MI_CineMat_Rig.uasset" 55
"../../../Engine/Content/EditorMaterials/Camera/MI_CineMat_Rig.uexp" 56
"../../../Engine/Content/EditorMeshes/Camera/SM_CraneRig_Base.ubulk" 57
"../../../Engine/Content/EditorMeshes/Camera/SM_CraneRig_Base.uasset" 58
"../../../Engine/Content/EditorMeshes/Camera/SM_CraneRig_Base.uexp" 59
"../../../Engine/Content/EditorMeshes/Camera/SM_CraneRig_Arm.ubulk" 60
"../../../Engine/Content/EditorMeshes/Camera/SM_CraneRig_Arm.uasset" 61
"../../../Engine/Content/EditorMeshes/Camera/SM_CraneRig_Arm.uexp" 62
"../../../Engine/Content/EditorMeshes/Camera/SM_CraneRig_Mount.ubulk" 63
"../../../Engine/Content/EditorMeshes/Camera/SM_CraneRig_Mount.uasset" 64
"../../../Engine/Content/EditorMeshes/Camera/SM_CraneRig_Mount.uexp" 65
"../../../Engine/Content/EditorMeshes/Camera/SM_CraneRig_Body.ubulk" 66
"../../../Engine/Content/EditorMeshes/Camera/SM_CraneRig_Body.uasset" 67
"../../../Engine/Content/EditorMeshes/Camera/SM_CraneRig_Body.uexp" 68
"../../../Engine/Content/EditorMeshes/Camera/SM_RailRig_Track.ubulk" 69
"../../../Engine/Content/EditorMeshes/Camera/SM_RailRig_Track.uasset" 70
"../../../Engine/Content/EditorMeshes/Camera/SM_RailRig_Track.uexp" 71
"../../../Engine/Content/EditorMeshes/Camera/SM_RailRig_Mount.ubulk" 72
"../../../Engine/Content/EditorMeshes/Camera/SM_RailRig_Mount.uasset" 73
"../../../Engine/Content/EditorMeshes/Camera/SM_RailRig_Mount.uexp" 74
"../../../Engine/Content/EngineMaterials/T_Default_Material_Grid_M.ubulk" 75
"../../../Engine/Content/EngineMaterials/T_Default_Material_Grid_M.uasset" 76
"../../../Engine/Content/EngineMaterials/T_Default_Material_Grid_M.uexp" 77
"../../../Engine/Content/EngineMaterials/T_Default_Material_Grid_N.ubulk" 78
"../../../Engine/Content/EngineMaterials/T_Default_Material_Grid_N.uasset" 79
"../../../Engine/Content/EngineMaterials/T_Default_Material_Grid_N.uexp" 80
"../../../Engine/Content/Functions/Engine_MaterialFunctions01/Opacity/CameraDepthFade.uasset" 81
"../../../Engine/Content/Functions/Engine_MaterialFunctions01/Opacity/CameraDepthFade.uexp" 82
"../../../Engine/Content/EngineMaterials/WorldGridMaterial.uasset" 83
"../../../Engine/Content/EngineMaterials/WorldGridMaterial.uexp" 84
"../../../Engine/Content/ArtTools/RenderToTexture/Meshes/S_1_Unit_Plane.ubulk" 85
"../../../Engine/Content/ArtTools/RenderToTexture/Meshes/S_1_Unit_Plane.uasset" 86
"../../../Engine/Content/ArtTools/RenderToTexture/Meshes/S_1_Unit_Plane.uexp" 87
"../../../Engine/Content/EditorMaterials/ParticleSystems/PSysThumbnail_NoImage.ubulk" 88
"../../../Engine/Content/EditorMaterials/ParticleSystems/PSysThumbnail_NoImage.uasset" 89
"../../../Engine/Content/EditorMaterials/ParticleSystems/PSysThumbnail_NoImage.uexp" 90
"../../../Engine/Content/EditorMaterials/ParticleSystems/PSysThumbnail_OOD.ubulk" 91
"../../../Engine/Content/EditorMaterials/ParticleSystems/PSysThumbnail_OOD.uasset" 92
"../../../Engine/Content/EditorMaterials/ParticleSystems/PSysThumbnail_OOD.uexp" 93
"../../../Engine/Content/EditorLandscapeResources/SplineEditorMeshMat.uasset" 94
"../../../Engine/Content/EditorLandscapeResources/SplineEditorMeshMat.uexp" 95
"../../../Engine/Content/EditorLandscapeResources/SplineEditorMesh.ubulk" 96
"../../../Engine/Content/EditorLandscapeResources/SplineEditorMesh.uasset" 97
"../../../Engine/Content/EditorLandscapeResources/SplineEditorMesh.uexp" 98
"../../../Engine/Content/EditorMeshes/EditorSphere.ubulk" 99
"../../../Engine/Content/EditorMeshes/EditorSphere.uasset" 100
"../../../Engine/Content/EditorMeshes/EditorSphere.uexp" 101
"../../../Engine/Content/EditorResources/S_Solver.ubulk" 102
"../../../Engine/Content/EditorResources/S_Solver.uasset" 103
"../../../Engine/Content/EditorResources/S_Solver.uexp" 104
"../../../Engine/Plugins/Media/MediaPlate/Content/SM_MediaPlateScreen.ubulk" 105
"../../../Engine/Plugins/Media/MediaPlate/Content/SM_MediaPlateScreen.uasset" 106
"../../../Engine/Plugins/Media/MediaPlate/Content/SM_MediaPlateScreen.uexp" 107
"../../../Engine/Content/EngineMaterials/Good64x64TilingNoiseHighFreq.uasset" 108
"../../../Engine/Content/EngineMaterials/Good64x64TilingNoiseHighFreq.uexp" 109
"../../../Engine/Content/EngineMaterials/DefaultBokeh.uasset" 110
"../../../Engine/Content/EngineMaterials/DefaultBokeh.uexp" 111
"../../../Engine/Content/EngineMaterials/PreintegratedSkinBRDF.uasset" 112
"../../../Engine/Content/EngineMaterials/PreintegratedSkinBRDF.uexp" 113
"../../../Engine/Content/EngineMaterials/MiniFont.uasset" 114
"../../../Engine/Content/EngineMaterials/MiniFont.uexp" 115
"../../../Engine/Content/EngineMaterials/WeightMapPlaceholderTexture.uasset" 116
"../../../Engine/Content/EngineMaterials/WeightMapPlaceholderTexture.uexp" 117
"../../../Engine/Content/EngineMaterials/DefaultWhiteGrid.ubulk" 118
"../../../Engine/Content/EngineMaterials/DefaultWhiteGrid.uasset" 119
"../../../Engine/Content/EngineMaterials/DefaultWhiteGrid.uexp" 120
"../../../Engine/Content/EngineMaterials/DefaultMaterial.uasset" 121
"../../../Engine/Content/EngineMaterials/DefaultMaterial.uexp" 122
"../../../Engine/Content/BasicShapes/Sphere.ubulk" 123
"../../../Engine/Content/BasicShapes/Sphere.uasset" 124
"../../../Engine/Content/BasicShapes/Sphere.uexp" 125
"../../../Engine/Content/BasicShapes/Plane.ubulk" 126
"../../../Engine/Content/BasicShapes/Plane.uasset" 127
"../../../Engine/Content/BasicShapes/Plane.uexp" 128
"../../../Engine/Content/BasicShapes/Cylinder.ubulk" 129
"../../../Engine/Content/BasicShapes/Cylinder.uasset" 130
"../../../Engine/Content/BasicShapes/Cylinder.uexp" 131
"../../../Engine/Content/BasicShapes/Cube.ubulk" 132
"../../../Engine/Content/BasicShapes/Cube.uasset" 133
"../../../Engine/Content/BasicShapes/Cube.uexp" 134
"../../../Engine/Content/BasicShapes/Cone.ubulk" 135
"../../../Engine/Content/BasicShapes/Cone.uasset" 136
"../../../Engine/Content/BasicShapes/Cone.uexp" 137
"../../../Engine/Content/EditorLandscapeResources/DefaultAlphaTexture.uasset" 138
"../../../Engine/Content/EditorLandscapeResources/DefaultAlphaTexture.uexp" 139
"../../../Engine/Content/EditorLandscapeResources/DataLayer.uasset" 140
"../../../Engine/Content/EditorLandscapeResources/DataLayer.uexp" 141
"../../../Engine/Content/EditorMaterials/PreviewShadowIndicator.ubulk" 142
"../../../Engine/Content/EditorMaterials/PreviewShadowIndicator.uasset" 143
"../../../Engine/Content/EditorMaterials/PreviewShadowIndicator.uexp" 144
"../../../Engine/Content/EditorMaterials/PreviewShadowIndicatorMaterial.uasset" 145
"../../../Engine/Content/EditorMaterials/PreviewShadowIndicatorMaterial.uexp" 146
"../../../Engine/Content/EditorMaterials/PhAT_UnselectedMaterial.uasset" 147
"../../../Engine/Content/EditorMaterials/PhAT_UnselectedMaterial.uexp" 148
"../../../Engine/Content/EditorMaterials/PhAT_NoCollisionMaterial.uasset" 149
"../../../Engine/Content/EditorMaterials/PhAT_NoCollisionMaterial.uexp" 150
"../../../Engine/Content/Functions/Engine_MaterialFunctions02/Utility/MakeFloat4.uasset" 151
"../../../Engine/Content/Functions/Engine_MaterialFunctions02/Utility/MakeFloat4.uexp" 152
"../../../Engine/Content/Functions/Engine_MaterialFunctions02/Utility/MakeFloat3.uasset" 153
"../../../Engine/Content/Functions/Engine_MaterialFunctions02/Utility/MakeFloat3.uexp" 154
"../../../Engine/Content/Functions/Engine_MaterialFunctions02/Utility/BreakOutFloat3Components.uasset" 155
"../../../Engine/Content/Functions/Engine_MaterialFunctions02/Utility/BreakOutFloat3Components.uexp" 156
"../../../Engine/Content/EditorMaterials/WorldPartition/WorldPartitionSpatialHashGridPreviewMaterial.uasset" 157
"../../../Engine/Content/EditorMaterials/WorldPartition/WorldPartitionSpatialHashGridPreviewMaterial.uexp" 158
"../../../Engine/Content/EditorResources/S_Terrain.ubulk" 159
"../../../Engine/Content/EditorResources/S_Terrain.uasset" 160
"../../../Engine/Content/EditorResources/S_Terrain.uexp" 161
"../../../Engine/Content/EditorResources/EmptyActor.uasset" 162
"../../../Engine/Content/EditorResources/EmptyActor.uexp" 163
"../../../Engine/Content/EditorResources/BSPVertex.uasset" 164
"../../../Engine/Content/EditorResources/BSPVertex.uexp" 165
"../../../Engine/Content/EditorResources/SequenceRecorder/RecordingIndicator.uasset" 166
"../../../Engine/Content/EditorResources/SequenceRecorder/RecordingIndicator.uexp" 167
"../../../Engine/Content/EditorResources/SequenceRecorder/Countdown.uasset" 168
"../../../Engine/Content/EditorResources/SequenceRecorder/Countdown.uexp" 169
"../../../Engine/Content/EngineDamageTypes/DmgTypeBP_Environmental.uasset" 170
"../../../Engine/Content/EngineDamageTypes/DmgTypeBP_Environmental.uexp" 171
"../../../Engine/Content/Functions/Engine_MaterialFunctions02/Utility/CameraDirectionVector.uasset" 172
"../../../Engine/Content/Functions/Engine_MaterialFunctions02/Utility/CameraDirectionVector.uexp" 173
"../../../Engine/Content/EngineDebugMaterials/VolumeToRender.uasset" 174
"../../../Engine/Content/EngineDebugMaterials/VolumeToRender.uexp" 175
"../../../Engine/Content/EngineDebugMaterials/M_VolumeRenderSphereTracePP.uasset" 176
"../../../Engine/Content/EngineDebugMaterials/M_VolumeRenderSphereTracePP.uexp" 177
"../../../Engine/Content/EngineDebugMaterials/M_SimpleUnlitTranslucent.uasset" 178
"../../../Engine/Content/EngineDebugMaterials/M_SimpleUnlitTranslucent.uexp" 179
"../../../Engine/Content/EngineDebugMaterials/DebugMeshMaterial.uasset" 180
"../../../Engine/Content/EngineDebugMaterials/DebugMeshMaterial.uexp" 181
"../../../Engine/Content/EngineDebugMaterials/DebugEditorMaterial.uasset" 182
"../../../Engine/Content/EngineDebugMaterials/DebugEditorMaterial.uexp" 183
"../../../Engine/Content/EngineFonts/Faces/RobotoLight.uexp" 184
"../../../Engine/Content/EngineFonts/Faces/RobotoLight.uasset" 185
"../../../Engine/Content/EngineFonts/Faces/RobotoLight.ufont" 186
"../../../Engine/Content/EngineFonts/Faces/RobotoBold.uexp" 187
"../../../Engine/Content/EngineFonts/Faces/RobotoBold.uasset" 188
"../../../Engine/Content/EngineFonts/Faces/RobotoBold.ufont" 189
"../../../Engine/Content/EngineFonts/Faces/RobotoRegular.uexp" 190
"../../../Engine/Content/EngineFonts/Faces/RobotoRegular.uasset" 191
"../../../Engine/Content/EngineFonts/Faces/RobotoRegular.ufont" 192
"../../../Engine/Content/EngineFonts/Faces/DroidSansFallback.uexp" 193
"../../../Engine/Content/EngineFonts/Faces/DroidSansFallback.uasset" 194
"../../../Engine/Content/EngineFonts/Faces/DroidSansFallback.ufont" 195
"../../../Engine/Content/EngineFonts/Faces/RobotoItalic.uexp" 196
"../../../Engine/Content/EngineFonts/Faces/RobotoItalic.uasset" 197
"../../../Engine/Content/EngineFonts/Faces/RobotoItalic.ufont" 198
"../../../Engine/Content/EngineFonts/Faces/RobotoBoldItalic.uexp" 199
"../../../Engine/Content/EngineFonts/Faces/RobotoBoldItalic.uasset" 200
"../../../Engine/Content/EngineFonts/Faces/RobotoBoldItalic.ufont" 201
"../../../Engine/Content/EngineFonts/Roboto.uasset" 202
"../../../Engine/Content/EngineFonts/Roboto.uexp" 203
"../../../Engine/Content/EngineResources/WhiteSquareTexture.uasset" 204
"../../../Engine/Content/EngineResources/WhiteSquareTexture.uexp" 205
"../../../Engine/Content/EngineMaterials/Widget3DPassThrough.uasset" 206
"../../../Engine/Content/EngineMaterials/Widget3DPassThrough.uexp" 207
"../../../Engine/Content/EngineMaterials/Widget3DPassThrough_Translucent.uasset" 208
"../../../Engine/Content/EngineMaterials/Widget3DPassThrough_Translucent.uexp" 209
"../../../Engine/Content/EngineMaterials/Widget3DPassThrough_Translucent_OneSided.uasset" 210
"../../../Engine/Content/EngineMaterials/Widget3DPassThrough_Translucent_OneSided.uexp" 211
"../../../Engine/Content/EngineMaterials/Widget3DPassThrough_Opaque.uasset" 212
"../../../Engine/Content/EngineMaterials/Widget3DPassThrough_Opaque.uexp" 213
"../../../Engine/Content/EngineMaterials/Widget3DPassThrough_Opaque_OneSided.uasset" 214
"../../../Engine/Content/EngineMaterials/Widget3DPassThrough_Opaque_OneSided.uexp" 215
"../../../Engine/Content/EngineMaterials/Widget3DPassThrough_Masked_OneSided.uasset" 216
"../../../Engine/Content/EngineMaterials/Widget3DPassThrough_Masked_OneSided.uexp" 217
"../../../Engine/Content/EngineMaterials/Widget3DPassThrough_Masked.uasset" 218
"../../../Engine/Content/EngineMaterials/Widget3DPassThrough_Masked.uexp" 219
"../../../Engine/Content/EngineMaterials/STBlueNoise_vec2_128x128x64.uasset" 220
"../../../Engine/Content/EngineMaterials/STBlueNoise_vec2_128x128x64.uexp" 221
"../../../Engine/Content/EngineMaterials/STBlueNoise_scalar_128x128x64.uasset" 222
"../../../Engine/Content/EngineMaterials/STBlueNoise_scalar_128x128x64.uexp" 223
"../../../Engine/Content/EngineMaterials/RemoveSurfaceMaterial.uasset" 224
"../../../Engine/Content/EngineMaterials/RemoveSurfaceMaterial.uexp" 225
"../../../Engine/Content/EngineMaterials/DefaultCalibrationGrayscale.uasset" 226
"../../../Engine/Content/EngineMaterials/DefaultCalibrationGrayscale.uexp" 227
"../../../Engine/Content/EngineMaterials/PPM_DefaultCalibrationGrayscale.uasset" 228
"../../../Engine/Content/EngineMaterials/PPM_DefaultCalibrationGrayscale.uexp" 229
"../../../Engine/Content/EngineMaterials/DefaultCalibrationColor.uasset" 230
"../../../Engine/Content/EngineMaterials/DefaultCalibrationColor.uexp" 231
"../../../Engine/Content/EngineMaterials/PPM_DefaultCalibrationColor.uasset" 232
"../../../Engine/Content/EngineMaterials/PPM_DefaultCalibrationColor.uexp" 233
"../../../Engine/Content/Functions/Engine_MaterialFunctions02/WorldPositionOffset/CameraOffset.uasset" 234
"../../../Engine/Content/Functions/Engine_MaterialFunctions02/WorldPositionOffset/CameraOffset.uexp" 235
"../../../Engine/Content/EngineMaterials/PhAT_JointLimitMaterial.uasset" 236
"../../../Engine/Content/EngineMaterials/PhAT_JointLimitMaterial.uexp" 237
"../../../Engine/Content/EngineMaterials/InvalidLightmapSettings.ubulk" 238
"../../../Engine/Content/EngineMaterials/InvalidLightmapSettings.uasset" 239
"../../../Engine/Content/EngineMaterials/InvalidLightmapSettings.uexp" 240
"../../../Engine/Content/EngineMaterials/M_InvalidLightmapSettings.uasset" 241
"../../../Engine/Content/EngineMaterials/M_InvalidLightmapSettings.uexp" 242
"../../../Engine/Content/EngineMaterials/GizmoMaterial.uasset" 243
"../../../Engine/Content/EngineMaterials/GizmoMaterial.uexp" 244
"../../../Engine/Content/EngineMaterials/BaseFlattenEmissiveMap_VT.uasset" 245
"../../../Engine/Content/EngineMaterials/BaseFlattenEmissiveMap_VT.uexp" 246
"../../../Engine/Content/EngineMaterials/BaseFlattenGrayscaleMap_VT.uasset" 247
"../../../Engine/Content/EngineMaterials/BaseFlattenGrayscaleMap_VT.uexp" 248
"../../../Engine/Content/EngineMaterials/BaseFlattenLinearColor_VT.uasset" 249
"../../../Engine/Content/EngineMaterials/BaseFlattenLinearColor_VT.uexp" 250
"../../../Engine/Content/EngineMaterials/Black_1x1_EXR_Texture_VT.uasset" 251
"../../../Engine/Content/EngineMaterials/Black_1x1_EXR_Texture_VT.uexp" 252
"../../../Engine/Content/EngineMaterials/BaseFlattenDiffuseMap_VT.uasset" 253
"../../../Engine/Content/EngineMaterials/BaseFlattenDiffuseMap_VT.uexp" 254
"../../../Engine/Content/EngineMaterials/BaseFlattenNormalMap_VT.uasset" 255
"../../../Engine/Content/EngineMaterials/BaseFlattenNormalMap_VT.uexp" 256
"../../../Engine/Content/EngineMaterials/FlattenMaterial_WS_Normal_VT.uasset" 257
"../../../Engine/Content/EngineMaterials/FlattenMaterial_WS_Normal_VT.uexp" 258
"../../../Engine/Content/EngineMaterials/FlattenMaterial_VT.uasset" 259
"../../../Engine/Content/EngineMaterials/FlattenMaterial_VT.uexp" 260
"../../../Engine/Content/EngineMaterials/BaseFlattenNormalMap.uasset" 261
"../../../Engine/Content/EngineMaterials/BaseFlattenNormalMap.uexp" 262
"../../../Engine/Content/EngineMaterials/BaseFlattenGrayscaleMap.uasset" 263
"../../../Engine/Content/EngineMaterials/BaseFlattenGrayscaleMap.uexp" 264
"../../../Engine/Content/EngineMaterials/BaseFlattenDiffuseMap.uasset" 265
"../../../Engine/Content/EngineMaterials/BaseFlattenDiffuseMap.uexp" 266
"../../../Engine/Content/Functions/Engine_MaterialFunctions02/PivotPainter2/Black_1x1_EXR_Texture.uasset" 267
"../../../Engine/Content/Functions/Engine_MaterialFunctions02/PivotPainter2/Black_1x1_EXR_Texture.uexp" 268
"../../../Engine/Content/EngineMaterials/BaseFlattenEmissiveMap.uasset" 269
"../../../Engine/Content/EngineMaterials/BaseFlattenEmissiveMap.uexp" 270
"../../../Engine/Content/EngineMaterials/BaseFlattenLinearColor.uasset" 271
"../../../Engine/Content/EngineMaterials/BaseFlattenLinearColor.uexp" 272
"../../../Engine/Content/EngineMaterials/FlattenMaterial.uasset" 273
"../../../Engine/Content/EngineMaterials/FlattenMaterial.uexp" 274
"../../../Engine/Content/EngineMaterials/DefaultWhiteGrid_Low.uasset" 275
"../../../Engine/Content/EngineMaterials/DefaultWhiteGrid_Low.uexp" 276
"../../../Engine/Content/EngineMaterials/EmissiveMeshMaterial.uasset" 277
"../../../Engine/Content/EngineMaterials/EmissiveMeshMaterial.uexp" 278
"../../../Engine/Content/EngineFonts/RobotoDistanceField.uasset" 279
"../../../Engine/Content/EngineFonts/RobotoDistanceField.uexp" 280
"../../../Engine/Content/EngineMaterials/DefaultTextMaterialOpaque.uasset" 281
"../../../Engine/Content/EngineMaterials/DefaultTextMaterialOpaque.uexp" 282
"../../../Engine/Content/EngineMaterials/DefaultDiffuse.ubulk" 283
"../../../Engine/Content/EngineMaterials/DefaultDiffuse.uasset" 284
"../../../Engine/Content/EngineMaterials/DefaultDiffuse.uexp" 285
"../../../Engine/Content/Functions/Engine_MaterialFunctions02/Utility/BreakOutFloat2Components.uasset" 286
"../../../Engine/Content/Functions/Engine_MaterialFunctions02/Utility/BreakOutFloat2Components.uexp" 287
"../../../Engine/Content/EngineMaterials/DefaultPostProcessMaterial.uasset" 288
"../../../Engine/Content/EngineMaterials/DefaultPostProcessMaterial.uexp" 289
"../../../Engine/Content/EngineMaterials/DefaultPhysicalMaterial.uasset" 290
"../../../Engine/Content/EngineMaterials/DefaultPhysicalMaterial.uexp" 291
"../../../Engine/Content/EngineMaterials/DefaultLightFunctionMaterial.uasset" 292
"../../../Engine/Content/EngineMaterials/DefaultLightFunctionMaterial.uexp" 293
"../../../Engine/Content/EngineMaterials/DefaultDestructiblePhysicalMaterial.uasset" 294
"../../../Engine/Content/EngineMaterials/DefaultDestructiblePhysicalMaterial.uexp" 295
"../../../Engine/Content/EngineMaterials/DefaultDeferredDecalMaterial.uasset" 296
"../../../Engine/Content/EngineMaterials/DefaultDeferredDecalMaterial.uexp" 297
"../../../Engine/Content/EngineMaterials/DefaultBloomKernel.uasset" 298
"../../../Engine/Content/EngineMaterials/DefaultBloomKernel.uexp" 299
"../../../Engine/Content/EngineResources/FilmGrains/Marcie_Grain_v3_128_M2_000.uasset" 300
"../../../Engine/Content/EngineResources/FilmGrains/Marcie_Grain_v3_128_M2_000.uexp" 301
"../../../Engine/Content/EngineSky/T_Sky_Stars.ubulk" 302
"../../../Engine/Content/EngineSky/T_Sky_Stars.uasset" 303
"../../../Engine/Content/EngineSky/T_Sky_Stars.uexp" 304
"../../../Engine/Content/EngineSky/T_Sky_Clouds_M.ubulk" 305
"../../../Engine/Content/EngineSky/T_Sky_Clouds_M.uasset" 306
"../../../Engine/Content/EngineSky/T_Sky_Clouds_M.uexp" 307
"../../../Engine/Content/EngineSky/T_Sky_Blue.ubulk" 308
"../../../Engine/Content/EngineSky/T_Sky_Blue.uasset" 309
"../../../Engine/Content/EngineSky/T_Sky_Blue.uexp" 310
"../../../Engine/Content/EngineSky/M_Sky_Panning_Clouds2.uasset" 311
"../../../Engine/Content/EngineSky/M_Sky_Panning_Clouds2.uexp" 312
"../../../Engine/Content/EngineSky/SM_SkySphere.ubulk" 313
"../../../Engine/Content/EngineSky/SM_SkySphere.uasset" 314
"../../../Engine/Content/EngineSky/SM_SkySphere.uexp" 315
"../../../Engine/Content/EngineSky/M_SimpleSkyDome.uasset" 316
"../../../Engine/Content/EngineSky/M_SimpleSkyDome.uexp" 317
"../../../Engine/Content/EngineSky/VolumetricClouds/CloudWeatherTexture.uasset" 318
"../../../Engine/Content/EngineSky/VolumetricClouds/CloudWeatherTexture.uexp" 319
"../../../Engine/Content/Functions/Engine_MaterialFunctions02/Utility/MakeFloat2.uasset" 320
"../../../Engine/Content/Functions/Engine_MaterialFunctions02/Utility/MakeFloat2.uexp" 321
"../../../Engine/Content/EngineSky/VolumetricClouds/CloudGradientTexture.uasset" 322
"../../../Engine/Content/EngineSky/VolumetricClouds/CloudGradientTexture.uexp" 323
"../../../Engine/Content/EngineSky/VolumetricClouds/T_NoiseShape64.ubulk" 324
"../../../Engine/Content/EngineSky/VolumetricClouds/T_NoiseShape64.uasset" 325
"../../../Engine/Content/EngineSky/VolumetricClouds/T_NoiseShape64.uexp" 326
"../../../Engine/Content/EngineSky/VolumetricClouds/T_VolumeNoiseShape64.uasset" 327
"../../../Engine/Content/EngineSky/VolumetricClouds/T_VolumeNoiseShape64.uexp" 328
"../../../Engine/Content/EngineSky/VolumetricClouds/T_NoiseErosion.ubulk" 329
"../../../Engine/Content/EngineSky/VolumetricClouds/T_NoiseErosion.uasset" 330
"../../../Engine/Content/EngineSky/VolumetricClouds/T_NoiseErosion.uexp" 331
"../../../Engine/Content/EngineSky/VolumetricClouds/T_VolumeNoiseErosion32.uasset" 332
"../../../Engine/Content/EngineSky/VolumetricClouds/T_VolumeNoiseErosion32.uexp" 333
"../../../Engine/Content/EngineSky/VolumetricClouds/m_SimpleVolumetricCloud.uasset" 334
"../../../Engine/Content/EngineSky/VolumetricClouds/m_SimpleVolumetricCloud.uexp" 335
"../../../Engine/Content/EngineSky/VolumetricClouds/m_SimpleVolumetricCloud_Inst.uasset" 336
"../../../Engine/Content/EngineSky/VolumetricClouds/m_SimpleVolumetricCloud_Inst.uexp" 337
"../../../Engine/Content/EngineSounds/Master.uasset" 338
"../../../Engine/Content/EngineSounds/Master.uexp" 339
"../../../Engine/Content/Functions/Engine_MaterialFunctions01/Shading/PowerToRoughness.uasset" 340
"../../../Engine/Content/Functions/Engine_MaterialFunctions01/Shading/PowerToRoughness.uexp" 341
"../../../Engine/Content/Maps/Templates/HLODs/HLODLayer_Merged.uasset" 342
"../../../Engine/Content/Maps/Templates/HLODs/HLODLayer_Merged.uexp" 343
"../../../Engine/Content/MobileResources/HUD/VirtualJoystick_Background.uasset" 344
"../../../Engine/Content/MobileResources/HUD/VirtualJoystick_Background.uexp" 345
"../../../Engine/Content/MobileResources/HUD/VirtualJoystick_Thumb.uasset" 346
"../../../Engine/Content/MobileResources/HUD/VirtualJoystick_Thumb.uexp" 347
"../../../Engine/Content/MobileResources/HUD/DefaultVirtualJoysticks.uasset" 348
"../../../Engine/Content/MobileResources/HUD/DefaultVirtualJoysticks.uexp" 349
"../../../Engine/Content/EngineMaterials/BlendFunc_DefBlend.uasset" 350
"../../../Engine/Content/EngineMaterials/BlendFunc_DefBlend.uexp" 351
"../../../Engine/Content/EngineMaterials/BlendFunc_DefBase.uasset" 352
"../../../Engine/Content/EngineMaterials/BlendFunc_DefBase.uexp" 353
"../../../Engine/Content/Functions/Engine_MaterialFunctions03/Blends/Blend_Overlay.uasset" 354
"../../../Engine/Content/Functions/Engine_MaterialFunctions03/Blends/Blend_Overlay.uexp" 355
"../../../Engine/Content/OpenWorldTemplate/LandscapeMaterial/T_GridChecker_A.ubulk" 356
"../../../Engine/Content/OpenWorldTemplate/LandscapeMaterial/T_GridChecker_A.uasset" 357
"../../../Engine/Content/OpenWorldTemplate/LandscapeMaterial/T_GridChecker_A.uexp" 358
"../../../Engine/Content/Functions/Engine_MaterialFunctions01/Gradient/LinearGradient.uasset" 359
"../../../Engine/Content/Functions/Engine_MaterialFunctions01/Gradient/LinearGradient.uexp" 360
"../../../Engine/Content/Functions/Engine_MaterialFunctions01/ImageAdjustment/CheapContrast.uasset" 361
"../../../Engine/Content/Functions/Engine_MaterialFunctions01/ImageAdjustment/CheapContrast.uexp" 362
"../../../Engine/Content/OpenWorldTemplate/LandscapeMaterial/MF_ProcGrid.uasset" 363
"../../../Engine/Content/OpenWorldTemplate/LandscapeMaterial/MF_ProcGrid.uexp" 364
"../../../Engine/Content/OpenWorldTemplate/LandscapeMaterial/M_ProcGrid.uasset" 365
"../../../Engine/Content/OpenWorldTemplate/LandscapeMaterial/M_ProcGrid.uexp" 366
"../../../Engine/Plugins/2D/Paper2D/Content/PlaceholderTextures/DummySpriteTexture.ubulk" 367
"../../../Engine/Plugins/2D/Paper2D/Content/PlaceholderTextures/DummySpriteTexture.uasset" 368
"../../../Engine/Plugins/2D/Paper2D/Content/PlaceholderTextures/DummySpriteTexture.uexp" 369
"../../../Engine/Plugins/2D/Paper2D/Content/DefaultSpriteMaterial.uasset" 370
"../../../Engine/Plugins/2D/Paper2D/Content/DefaultSpriteMaterial.uexp" 371
"../../../Engine/Plugins/2D/Paper2D/Content/OpaqueUnlitSpriteMaterial.uasset" 372
"../../../Engine/Plugins/2D/Paper2D/Content/OpaqueUnlitSpriteMaterial.uexp" 373
"../../../Engine/Plugins/2D/Paper2D/Content/MaskedUnlitSpriteMaterial.uasset" 374
"../../../Engine/Plugins/2D/Paper2D/Content/MaskedUnlitSpriteMaterial.uexp" 375
"../../../Engine/Plugins/2D/Paper2D/Content/DummySprite.uasset" 376
"../../../Engine/Plugins/2D/Paper2D/Content/DummySprite.uexp" 377
"../../../Engine/Plugins/2D/Paper2D/Content/DefaultPaperTerrainMaterial.uasset" 378
"../../../Engine/Plugins/2D/Paper2D/Content/DefaultPaperTerrainMaterial.uexp" 379
"../../../Engine/Plugins/Animation/ControlRig/Content/M_Manip.uasset" 380
"../../../Engine/Plugins/Animation/ControlRig/Content/M_Manip.uexp" 381
"../../../Engine/Plugins/Animation/ControlRig/Content/Controls/DefaultGizmoLibraryNormalized.uasset" 382
"../../../Engine/Plugins/Animation/ControlRig/Content/Controls/DefaultGizmoLibraryNormalized.uexp" 383
"../../../Engine/Plugins/Animation/ControlRig/Content/Controls/ControlRig_Wedge_solid.ubulk" 384
"../../../Engine/Plugins/Animation/ControlRig/Content/Controls/ControlRig_Wedge_solid.uasset" 385
"../../../Engine/Plugins/Animation/ControlRig/Content/Controls/ControlRig_Wedge_solid.uexp" 386
"../../../Engine/Plugins/Animation/ControlRig/Content/Controls/ControlRig_Wedge_3mm.ubulk" 387
"../../../Engine/Plugins/Animation/ControlRig/Content/Controls/ControlRig_Wedge_3mm.uasset" 388
"../../../Engine/Plugins/Animation/ControlRig/Content/Controls/ControlRig_Wedge_3mm.uexp" 389
"../../../Engine/Plugins/Animation/ControlRig/Content/Controls/ControlRig_Wedge_1mm.ubulk" 390
"../../../Engine/Plugins/Animation/ControlRig/Content/Controls/ControlRig_Wedge_1mm.uasset" 391
"../../../Engine/Plugins/Animation/ControlRig/Content/Controls/ControlRig_Wedge_1mm.uexp" 392
"../../../Engine/Plugins/Animation/ControlRig/Content/Controls/ControlRig_Triangle_solid.ubulk" 393
"../../../Engine/Plugins/Animation/ControlRig/Content/Controls/ControlRig_Triangle_solid.uasset" 394
"../../../Engine/Plugins/Animation/ControlRig/Content/Controls/ControlRig_Triangle_solid.uexp" 395
"../../../Engine/Plugins/Animation/ControlRig/Content/Controls/ControlRig_Triangle_3mm.ubulk" 396
"../../../Engine/Plugins/Animation/ControlRig/Content/Controls/ControlRig_Triangle_3mm.uasset" 397
"../../../Engine/Plugins/Animation/ControlRig/Content/Controls/ControlRig_Triangle_3mm.uexp" 398
"../../../Engine/Plugins/Animation/ControlRig/Content/Controls/ControlRig_Triangle_1mm.ubulk" 399
"../../../Engine/Plugins/Animation/ControlRig/Content/Controls/ControlRig_Triangle_1mm.uasset" 400
"../../../Engine/Plugins/Animation/ControlRig/Content/Controls/ControlRig_Triangle_1mm.uexp" 401
"../../../Engine/Plugins/Animation/ControlRig/Content/Controls/ControlRig_Star4_solid.ubulk" 402
"../../../Engine/Plugins/Animation/ControlRig/Content/Controls/ControlRig_Star4_solid.uasset" 403
"../../../Engine/Plugins/Animation/ControlRig/Content/Controls/ControlRig_Star4_solid.uexp" 404
"../../../Engine/Plugins/Animation/ControlRig/Content/Controls/ControlRig_Star4_3mm.ubulk" 405
"../../../Engine/Plugins/Animation/ControlRig/Content/Controls/ControlRig_Star4_3mm.uasset" 406
"../../../Engine/Plugins/Animation/ControlRig/Content/Controls/ControlRig_Star4_3mm.uexp" 407
"../../../Engine/Plugins/Animation/ControlRig/Content/Controls/ControlRig_Star4_1mm.ubulk" 408
"../../../Engine/Plugins/Animation/ControlRig/Content/Controls/ControlRig_Star4_1mm.uasset" 409
"../../../Engine/Plugins/Animation/ControlRig/Content/Controls/ControlRig_Star4_1mm.uexp" 410
"../../../Engine/Plugins/Animation/ControlRig/Content/Controls/ControlRig_Square_solid.ubulk" 411
"../../../Engine/Plugins/Animation/ControlRig/Content/Controls/ControlRig_Square_solid.uasset" 412
"../../../Engine/Plugins/Animation/ControlRig/Content/Controls/ControlRig_Square_solid.uexp" 413
"../../../Engine/Plugins/Animation/ControlRig/Content/Controls/ControlRig_Square_3mm.ubulk" 414
"../../../Engine/Plugins/Animation/ControlRig/Content/Controls/ControlRig_Square_3mm.uasset" 415
"../../../Engine/Plugins/Animation/ControlRig/Content/Controls/ControlRig_Square_3mm.uexp" 416
"../../../Engine/Plugins/Animation/ControlRig/Content/Controls/ControlRig_Square_1mm.ubulk" 417
"../../../Engine/Plugins/Animation/ControlRig/Content/Controls/ControlRig_Square_1mm.uasset" 418
"../../../Engine/Plugins/Animation/ControlRig/Content/Controls/ControlRig_Square_1mm.uexp" 419
"../../../Engine/Plugins/Animation/ControlRig/Content/Controls/ControlRig_Sphere_solid.ubulk" 420
"../../../Engine/Plugins/Animation/ControlRig/Content/Controls/ControlRig_Sphere_solid.uasset" 421
"../../../Engine/Plugins/Animation/ControlRig/Content/Controls/ControlRig_Sphere_solid.uexp" 422
"../../../Engine/Plugins/Animation/ControlRig/Content/Controls/ControlRig_Sphere_3mm.ubulk" 423
"../../../Engine/Plugins/Animation/ControlRig/Content/Controls/ControlRig_Sphere_3mm.uasset" 424
"../../../Engine/Plugins/Animation/ControlRig/Content/Controls/ControlRig_Sphere_3mm.uexp" 425
"../../../Engine/Plugins/Animation/ControlRig/Content/Controls/ControlRig_Sphere_1mm.ubulk" 426
"../../../Engine/Plugins/Animation/ControlRig/Content/Controls/ControlRig_Sphere_1mm.uasset" 427
"../../../Engine/Plugins/Animation/ControlRig/Content/Controls/ControlRig_Sphere_1mm.uexp" 428
"../../../Engine/Plugins/Animation/ControlRig/Content/Controls/ControlRig_RoundedTriangle_solid.ubulk" 429
"../../../Engine/Plugins/Animation/ControlRig/Content/Controls/ControlRig_RoundedTriangle_solid.uasset" 430
"../../../Engine/Plugins/Animation/ControlRig/Content/Controls/ControlRig_RoundedTriangle_solid.uexp" 431
"../../../Engine/Plugins/Animation/ControlRig/Content/Controls/ControlRig_RoundedTriangle_3mm.ubulk" 432
"../../../Engine/Plugins/Animation/ControlRig/Content/Controls/ControlRig_RoundedTriangle_3mm.uasset" 433
"../../../Engine/Plugins/Animation/ControlRig/Content/Controls/ControlRig_RoundedTriangle_3mm.uexp" 434
"../../../Engine/Plugins/Animation/ControlRig/Content/Controls/ControlRig_RoundedTriangle_1mm.ubulk" 435
"../../../Engine/Plugins/Animation/ControlRig/Content/Controls/ControlRig_RoundedTriangle_1mm.uasset" 436
"../../../Engine/Plugins/Animation/ControlRig/Content/Controls/ControlRig_RoundedTriangle_1mm.uexp" 437
"../../../Engine/Plugins/Animation/ControlRig/Content/Controls/ControlRig_RoundedSquare_solid.ubulk" 438
"../../../Engine/Plugins/Animation/ControlRig/Content/Controls/ControlRig_RoundedSquare_solid.uasset" 439
"../../../Engine/Plugins/Animation/ControlRig/Content/Controls/ControlRig_RoundedSquare_solid.uexp" 440
"../../../Engine/Plugins/Animation/ControlRig/Content/Controls/ControlRig_RoundedSquare_3mm.ubulk" 441
"../../../Engine/Plugins/Animation/ControlRig/Content/Controls/ControlRig_RoundedSquare_3mm.uasset" 442
"../../../Engine/Plugins/Animation/ControlRig/Content/Controls/ControlRig_RoundedSquare_3mm.uexp" 443
"../../../Engine/Plugins/Animation/ControlRig/Content/Controls/ControlRig_RoundedSquare_1mm.ubulk" 444
"../../../Engine/Plugins/Animation/ControlRig/Content/Controls/ControlRig_RoundedSquare_1mm.uasset" 445
"../../../Engine/Plugins/Animation/ControlRig/Content/Controls/ControlRig_RoundedSquare_1mm.uexp" 446
"../../../Engine/Plugins/Animation/ControlRig/Content/Controls/ControlRig_QuarterCircle_solid.ubulk" 447
"../../../Engine/Plugins/Animation/ControlRig/Content/Controls/ControlRig_QuarterCircle_solid.uasset" 448
"../../../Engine/Plugins/Animation/ControlRig/Content/Controls/ControlRig_QuarterCircle_solid.uexp" 449
"../../../Engine/Plugins/Animation/ControlRig/Content/Controls/ControlRig_QuarterCircle_3mm.ubulk" 450
"../../../Engine/Plugins/Animation/ControlRig/Content/Controls/ControlRig_QuarterCircle_3mm.uasset" 451
"../../../Engine/Plugins/Animation/ControlRig/Content/Controls/ControlRig_QuarterCircle_3mm.uexp" 452
"../../../Engine/Plugins/Animation/ControlRig/Content/Controls/ControlRig_QuarterCircle_1mm.ubulk" 453
"../../../Engine/Plugins/Animation/ControlRig/Content/Controls/ControlRig_QuarterCircle_1mm.uasset" 454
"../../../Engine/Plugins/Animation/ControlRig/Content/Controls/ControlRig_QuarterCircle_1mm.uexp" 455
"../../../Engine/Plugins/Animation/ControlRig/Content/Controls/ControlRig_Pyramid_solid.ubulk" 456
"../../../Engine/Plugins/Animation/ControlRig/Content/Controls/ControlRig_Pyramid_solid.uasset" 457
"../../../Engine/Plugins/Animation/ControlRig/Content/Controls/ControlRig_Pyramid_solid.uexp" 458
"../../../Engine/Plugins/Animation/ControlRig/Content/Controls/ControlRig_Pyramid_3mm.ubulk" 459
"../../../Engine/Plugins/Animation/ControlRig/Content/Controls/ControlRig_Pyramid_3mm.uasset" 460
"../../../Engine/Plugins/Animation/ControlRig/Content/Controls/ControlRig_Pyramid_3mm.uexp" 461
"../../../Engine/Plugins/Animation/ControlRig/Content/Controls/ControlRig_Pyramid_1mm.ubulk" 462
"../../../Engine/Plugins/Animation/ControlRig/Content/Controls/ControlRig_Pyramid_1mm.uasset" 463
"../../../Engine/Plugins/Animation/ControlRig/Content/Controls/ControlRig_Pyramid_1mm.uexp" 464
"../../../Engine/Plugins/Animation/ControlRig/Content/Controls/ControlRig_Octagon_solid.ubulk" 465
"../../../Engine/Plugins/Animation/ControlRig/Content/Controls/ControlRig_Octagon_solid.uasset" 466
"../../../Engine/Plugins/Animation/ControlRig/Content/Controls/ControlRig_Octagon_solid.uexp" 467
"../../../Engine/Plugins/Animation/ControlRig/Content/Controls/ControlRig_Octagon_3mm.ubulk" 468
"../../../Engine/Plugins/Animation/ControlRig/Content/Controls/ControlRig_Octagon_3mm.uasset" 469
"../../../Engine/Plugins/Animation/ControlRig/Content/Controls/ControlRig_Octagon_3mm.uexp" 470
"../../../Engine/Plugins/Animation/ControlRig/Content/Controls/ControlRig_Octagon_1mm.ubulk" 471
"../../../Engine/Plugins/Animation/ControlRig/Content/Controls/ControlRig_Octagon_1mm.uasset" 472
"../../../Engine/Plugins/Animation/ControlRig/Content/Controls/ControlRig_Octagon_1mm.uexp" 473
"../../../Engine/Plugins/Animation/ControlRig/Content/Controls/ControlRig_Hexagon_solid.ubulk" 474
"../../../Engine/Plugins/Animation/ControlRig/Content/Controls/ControlRig_Hexagon_solid.uasset" 475
"../../../Engine/Plugins/Animation/ControlRig/Content/Controls/ControlRig_Hexagon_solid.uexp" 476
"../../../Engine/Plugins/Animation/ControlRig/Content/Controls/ControlRig_Hexagon_3mm.ubulk" 477
"../../../Engine/Plugins/Animation/ControlRig/Content/Controls/ControlRig_Hexagon_3mm.uasset" 478
"../../../Engine/Plugins/Animation/ControlRig/Content/Controls/ControlRig_Hexagon_3mm.uexp" 479
"../../../Engine/Plugins/Animation/ControlRig/Content/Controls/ControlRig_Hexagon_1mm.ubulk" 480
"../../../Engine/Plugins/Animation/ControlRig/Content/Controls/ControlRig_Hexagon_1mm.uasset" 481
"../../../Engine/Plugins/Animation/ControlRig/Content/Controls/ControlRig_Hexagon_1mm.uexp" 482
"../../../Engine/Plugins/Animation/ControlRig/Content/Controls/ControlRig_HalfCircle_solid.ubulk" 483
"../../../Engine/Plugins/Animation/ControlRig/Content/Controls/ControlRig_HalfCircle_solid.uasset" 484
"../../../Engine/Plugins/Animation/ControlRig/Content/Controls/ControlRig_HalfCircle_solid.uexp" 485
"../../../Engine/Plugins/Animation/ControlRig/Content/Controls/ControlRig_HalfCircle_3mm.ubulk" 486
"../../../Engine/Plugins/Animation/ControlRig/Content/Controls/ControlRig_HalfCircle_3mm.uasset" 487
"../../../Engine/Plugins/Animation/ControlRig/Content/Controls/ControlRig_HalfCircle_3mm.uexp" 488
"../../../Engine/Plugins/Animation/ControlRig/Content/Controls/ControlRig_HalfCircle_1mm.ubulk" 489
"../../../Engine/Plugins/Animation/ControlRig/Content/Controls/ControlRig_HalfCircle_1mm.uasset" 490
"../../../Engine/Plugins/Animation/ControlRig/Content/Controls/ControlRig_HalfCircle_1mm.uexp" 491
"../../../Engine/Plugins/Animation/ControlRig/Content/Controls/ControlRig_Diamond_solid.ubulk" 492
"../../../Engine/Plugins/Animation/ControlRig/Content/Controls/ControlRig_Diamond_solid.uasset" 493
"../../../Engine/Plugins/Animation/ControlRig/Content/Controls/ControlRig_Diamond_solid.uexp" 494
"../../../Engine/Plugins/Animation/ControlRig/Content/Controls/ControlRig_Diamond_3mm.ubulk" 495
"../../../Engine/Plugins/Animation/ControlRig/Content/Controls/ControlRig_Diamond_3mm.uasset" 496
"../../../Engine/Plugins/Animation/ControlRig/Content/Controls/ControlRig_Diamond_3mm.uexp" 497
"../../../Engine/Plugins/Animation/ControlRig/Content/Controls/ControlRig_Diamond_1mm.ubulk" 498
"../../../Engine/Plugins/Animation/ControlRig/Content/Controls/ControlRig_Diamond_1mm.uasset" 499
"../../../Engine/Plugins/Animation/ControlRig/Content/Controls/ControlRig_Diamond_1mm.uexp" 500
"../../../Engine/Plugins/Animation/ControlRig/Content/Controls/ControlRig_Circle_solid.ubulk" 501
"../../../Engine/Plugins/Animation/ControlRig/Content/Controls/ControlRig_Circle_solid.uasset" 502
"../../../Engine/Plugins/Animation/ControlRig/Content/Controls/ControlRig_Circle_solid.uexp" 503
"../../../Engine/Plugins/Animation/ControlRig/Content/Controls/ControlRig_Circle_3mm.ubulk" 504
"../../../Engine/Plugins/Animation/ControlRig/Content/Controls/ControlRig_Circle_3mm.uasset" 505
"../../../Engine/Plugins/Animation/ControlRig/Content/Controls/ControlRig_Circle_3mm.uexp" 506
"../../../Engine/Plugins/Animation/ControlRig/Content/Controls/ControlRig_Circle_1mm.ubulk" 507
"../../../Engine/Plugins/Animation/ControlRig/Content/Controls/ControlRig_Circle_1mm.uasset" 508
"../../../Engine/Plugins/Animation/ControlRig/Content/Controls/ControlRig_Circle_1mm.uexp" 509
"../../../Engine/Plugins/Animation/ControlRig/Content/Controls/ControlRig_Box_solid.ubulk" 510
"../../../Engine/Plugins/Animation/ControlRig/Content/Controls/ControlRig_Box_solid.uasset" 511
"../../../Engine/Plugins/Animation/ControlRig/Content/Controls/ControlRig_Box_solid.uexp" 512
"../../../Engine/Plugins/Animation/ControlRig/Content/Controls/ControlRig_Box_3mm.ubulk" 513
"../../../Engine/Plugins/Animation/ControlRig/Content/Controls/ControlRig_Box_3mm.uasset" 514
"../../../Engine/Plugins/Animation/ControlRig/Content/Controls/ControlRig_Box_3mm.uexp" 515
"../../../Engine/Plugins/Animation/ControlRig/Content/Controls/ControlRig_Box_1mm.ubulk" 516
"../../../Engine/Plugins/Animation/ControlRig/Content/Controls/ControlRig_Box_1mm.uasset" 517
"../../../Engine/Plugins/Animation/ControlRig/Content/Controls/ControlRig_Box_1mm.uexp" 518
"../../../Engine/Plugins/Animation/ControlRig/Content/Controls/ControlRig_Arrow_solid.ubulk" 519
"../../../Engine/Plugins/Animation/ControlRig/Content/Controls/ControlRig_Arrow_solid.uasset" 520
"../../../Engine/Plugins/Animation/ControlRig/Content/Controls/ControlRig_Arrow_solid.uexp" 521
"../../../Engine/Plugins/Animation/ControlRig/Content/Controls/ControlRig_Arrow_3mm.ubulk" 522
"../../../Engine/Plugins/Animation/ControlRig/Content/Controls/ControlRig_Arrow_3mm.uasset" 523
"../../../Engine/Plugins/Animation/ControlRig/Content/Controls/ControlRig_Arrow_3mm.uexp" 524
"../../../Engine/Plugins/Animation/ControlRig/Content/Controls/ControlRig_Arrow_1mm.ubulk" 525
"../../../Engine/Plugins/Animation/ControlRig/Content/Controls/ControlRig_Arrow_1mm.uasset" 526
"../../../Engine/Plugins/Animation/ControlRig/Content/Controls/ControlRig_Arrow_1mm.uexp" 527
"../../../Engine/Plugins/Animation/ControlRig/Content/Controls/ControlRig_Arrow4_solid.ubulk" 528
"../../../Engine/Plugins/Animation/ControlRig/Content/Controls/ControlRig_Arrow4_solid.uasset" 529
"../../../Engine/Plugins/Animation/ControlRig/Content/Controls/ControlRig_Arrow4_solid.uexp" 530
"../../../Engine/Plugins/Animation/ControlRig/Content/Controls/ControlRig_Arrow4_3mm.ubulk" 531
"../../../Engine/Plugins/Animation/ControlRig/Content/Controls/ControlRig_Arrow4_3mm.uasset" 532
"../../../Engine/Plugins/Animation/ControlRig/Content/Controls/ControlRig_Arrow4_3mm.uexp" 533
"../../../Engine/Plugins/Animation/ControlRig/Content/Controls/ControlRig_Arrow4_1mm.ubulk" 534
"../../../Engine/Plugins/Animation/ControlRig/Content/Controls/ControlRig_Arrow4_1mm.uasset" 535
"../../../Engine/Plugins/Animation/ControlRig/Content/Controls/ControlRig_Arrow4_1mm.uexp" 536
"../../../Engine/Plugins/Animation/ControlRig/Content/Controls/ControlRig_Arrow2_solid.ubulk" 537
"../../../Engine/Plugins/Animation/ControlRig/Content/Controls/ControlRig_Arrow2_solid.uasset" 538
"../../../Engine/Plugins/Animation/ControlRig/Content/Controls/ControlRig_Arrow2_solid.uexp" 539
"../../../Engine/Plugins/Animation/ControlRig/Content/Controls/ControlRig_Arrow2_3mm.ubulk" 540
"../../../Engine/Plugins/Animation/ControlRig/Content/Controls/ControlRig_Arrow2_3mm.uasset" 541
"../../../Engine/Plugins/Animation/ControlRig/Content/Controls/ControlRig_Arrow2_3mm.uexp" 542
"../../../Engine/Plugins/Animation/ControlRig/Content/Controls/ControlRig_Arrow2_1mm.ubulk" 543
"../../../Engine/Plugins/Animation/ControlRig/Content/Controls/ControlRig_Arrow2_1mm.uasset" 544
"../../../Engine/Plugins/Animation/ControlRig/Content/Controls/ControlRig_Arrow2_1mm.uexp" 545
"../../../Engine/Plugins/Animation/ControlRig/Content/Controls/ControlRigXRayMaterial.uasset" 546
"../../../Engine/Plugins/Animation/ControlRig/Content/Controls/ControlRigXRayMaterial.uexp" 547
"../../../Engine/Plugins/Animation/ControlRig/Content/Controls/ControlRigGizmoMaterial.uasset" 548
"../../../Engine/Plugins/Animation/ControlRig/Content/Controls/ControlRigGizmoMaterial.uexp" 549
"../../../Engine/Plugins/Editor/SpeedTreeImporter/Content/SpeedTree9/game_wind_noise.ubulk" 550
"../../../Engine/Plugins/Editor/SpeedTreeImporter/Content/SpeedTree9/game_wind_noise.uasset" 551
"../../../Engine/Plugins/Editor/SpeedTreeImporter/Content/SpeedTree9/game_wind_noise.uexp" 552
"../../../Engine/Plugins/Editor/SpeedTreeImporter/Content/SpeedTree9/UnpackDirection.uasset" 553
"../../../Engine/Plugins/Editor/SpeedTreeImporter/Content/SpeedTree9/UnpackDirection.uexp" 554
"../../../Engine/Content/Functions/Engine_MaterialFunctions02/ObjectLocalBounds.uasset" 555
"../../../Engine/Content/Functions/Engine_MaterialFunctions02/ObjectLocalBounds.uexp" 556
"../../../Engine/Content/Functions/Engine_MaterialFunctions02/UVs/BoundingBoxBased_0-1_UVW.uasset" 557
"../../../Engine/Content/Functions/Engine_MaterialFunctions02/UVs/BoundingBoxBased_0-1_UVW.uexp" 558
"../../../Engine/Content/Functions/Engine_MaterialFunctions02/Utility/VectorLength.uasset" 559
"../../../Engine/Content/Functions/Engine_MaterialFunctions02/Utility/VectorLength.uexp" 560
"../../../Engine/Plugins/Editor/SpeedTreeImporter/Content/SpeedTree9/UnpackInteger3.uasset" 561
"../../../Engine/Plugins/Editor/SpeedTreeImporter/Content/SpeedTree9/UnpackInteger3.uexp" 562
"../../../Engine/Plugins/Editor/SpeedTreeImporter/Content/SpeedTree9/SpeedTreeCameraFacing.uasset" 563
"../../../Engine/Plugins/Editor/SpeedTreeImporter/Content/SpeedTree9/SpeedTreeCameraFacing.uexp" 564
"../../../Engine/Content/Functions/Engine_MaterialFunctions02/WorldPositionOffset/ObjectScale.uasset" 565
"../../../Engine/Content/Functions/Engine_MaterialFunctions02/WorldPositionOffset/ObjectScale.uexp" 566
"../../../Engine/Content/Functions/Engine_MaterialFunctions02/SafeNormalize.uasset" 567
"../../../Engine/Content/Functions/Engine_MaterialFunctions02/SafeNormalize.uexp" 568
"../../../Engine/Plugins/Editor/SpeedTreeImporter/Content/SpeedTree9/SpeedTreeWindMotion.uasset" 569
"../../../Engine/Plugins/Editor/SpeedTreeImporter/Content/SpeedTree9/SpeedTreeWindMotion.uexp" 570
"../../../Engine/Plugins/Editor/SpeedTreeImporter/Content/SpeedTree9/SpeedTreeBranchMotion.uasset" 571
"../../../Engine/Plugins/Editor/SpeedTreeImporter/Content/SpeedTree9/SpeedTreeBranchMotion.uexp" 572
"../../../Engine/Plugins/Editor/SpeedTreeImporter/Content/SpeedTree9/SpeedTreeWind.uasset" 573
"../../../Engine/Plugins/Editor/SpeedTreeImporter/Content/SpeedTree9/SpeedTreeWind.uexp" 574
"../../../Engine/Plugins/Editor/SpeedTreeImporter/Content/SpeedTree9/EmptyNormal.uasset" 575
"../../../Engine/Plugins/Editor/SpeedTreeImporter/Content/SpeedTree9/EmptyNormal.uexp" 576
"../../../Engine/Plugins/Editor/SpeedTreeImporter/Content/SpeedTree9/Empty.uasset" 577
"../../../Engine/Plugins/Editor/SpeedTreeImporter/Content/SpeedTree9/Empty.uexp" 578
"../../../Engine/Plugins/Editor/SpeedTreeImporter/Content/SpeedTree9/SpeedTreeMaster.uasset" 579
"../../../Engine/Plugins/Editor/SpeedTreeImporter/Content/SpeedTree9/SpeedTreeMaster.uexp" 580
"../../../Engine/Plugins/Editor/SpeedTreeImporter/Content/SpeedTree9/SpeedTreeBillboard.uasset" 581
"../../../Engine/Plugins/Editor/SpeedTreeImporter/Content/SpeedTree9/SpeedTreeBillboard.uexp" 582
"../../../Engine/Plugins/Editor/SpeedTreeImporter/Content/SpeedTree9/SpeedTreeBillboardMaster.uasset" 583
"../../../Engine/Plugins/Editor/SpeedTreeImporter/Content/SpeedTree9/SpeedTreeBillboardMaster.uexp" 584
"../../../Engine/Content/Functions/Engine_MaterialFunctions02/Texturing/CustomRotator.uasset" 585
"../../../Engine/Content/Functions/Engine_MaterialFunctions02/Texturing/CustomRotator.uexp" 586
"../../../Engine/Content/Functions/Engine_MaterialFunctions02/Texturing/ScreenAlignedPixelToPixelUVs.uasset" 587
"../../../Engine/Content/Functions/Engine_MaterialFunctions02/Texturing/ScreenAlignedPixelToPixelUVs.uexp" 588
"../../../Engine/Plugins/Interchange/Runtime/Content/Utilities/T_Bayer64_Grayscale_64px.uasset" 589
"../../../Engine/Plugins/Interchange/Runtime/Content/Utilities/T_Bayer64_Grayscale_64px.uexp" 590
"../../../Engine/Plugins/Interchange/Runtime/Content/gltf/MaterialFunctions/MF_Temporal_Blur.uasset" 591
"../../../Engine/Plugins/Interchange/Runtime/Content/gltf/MaterialFunctions/MF_Temporal_Blur.uexp" 592
"../../../Engine/Plugins/Interchange/Runtime/Content/gltf/MaterialFunctions/MF_Fresnel_DS.uasset" 593
"../../../Engine/Plugins/Interchange/Runtime/Content/gltf/MaterialFunctions/MF_Fresnel_DS.uexp" 594
"../../../Engine/Plugins/Interchange/Runtime/Content/Functions/MX_Transmission.uasset" 595
"../../../Engine/Plugins/Interchange/Runtime/Content/Functions/MX_Transmission.uexp" 596
"../../../Engine/Plugins/Interchange/Runtime/Content/Functions/MF_OrenNayerView.uasset" 597
"../../../Engine/Plugins/Interchange/Runtime/Content/Functions/MF_OrenNayerView.uexp" 598
"../../../Engine/Plugins/Interchange/Runtime/Content/Functions/MF_SchlickApprox.uasset" 599
"../../../Engine/Plugins/Interchange/Runtime/Content/Functions/MF_SchlickApprox.uexp" 600
"../../../Engine/Plugins/Interchange/Runtime/Content/Utilities/New_LUT.uasset" 601
"../../../Engine/Plugins/Interchange/Runtime/Content/Utilities/New_LUT.uexp" 602
"../../../Engine/Content/Functions/Engine_MaterialFunctions03/Math/RemapValueRange.uasset" 603
"../../../Engine/Content/Functions/Engine_MaterialFunctions03/Math/RemapValueRange.uexp" 604
"../../../Engine/Plugins/Interchange/Runtime/Content/Functions/MF_Iridescence.uasset" 605
"../../../Engine/Plugins/Interchange/Runtime/Content/Functions/MF_Iridescence.uexp" 606
"../../../Engine/Plugins/Interchange/Runtime/Content/Functions/MX_StandardSurface.uasset" 607
"../../../Engine/Plugins/Interchange/Runtime/Content/Functions/MX_StandardSurface.uexp" 608
"../../../Engine/Plugins/Interchange/Runtime/Content/Functions/MX_TransmissionSurface.uasset" 609
"../../../Engine/Plugins/Interchange/Runtime/Content/Functions/MX_TransmissionSurface.uexp" 610
"../../../Engine/Content/Functions/Engine_MaterialFunctions02/Math/AddComponents.uasset" 611
"../../../Engine/Content/Functions/Engine_MaterialFunctions02/Math/AddComponents.uexp" 612
"../../../Engine/Content/Functions/Engine_MaterialFunctions02/WorldPositionOffset/V2/ObjectScale.uasset" 613
"../../../Engine/Content/Functions/Engine_MaterialFunctions02/WorldPositionOffset/V2/ObjectScale.uexp" 614
"../../../Engine/Plugins/Interchange/Runtime/Content/gltf/MaterialFunctions/MF_TransmissionOpacity.uasset" 615
"../../../Engine/Plugins/Interchange/Runtime/Content/gltf/MaterialFunctions/MF_TransmissionOpacity.uexp" 616
"../../../Engine/Plugins/Interchange/Runtime/Content/gltf/MaterialFunctions/MF_RotateV2.uasset" 617
"../../../Engine/Plugins/Interchange/Runtime/Content/gltf/MaterialFunctions/MF_RotateV2.uexp" 618
"../../../Engine/Plugins/Interchange/Runtime/Content/gltf/MaterialFunctions/MF_TransformUVs.uasset" 619
"../../../Engine/Plugins/Interchange/Runtime/Content/gltf/MaterialFunctions/MF_TransformUVs.uexp" 620
"../../../Engine/Plugins/Interchange/Runtime/Content/gltf/Textures/T_White_srgb.uasset" 621
"../../../Engine/Plugins/Interchange/Runtime/Content/gltf/Textures/T_White_srgb.uexp" 622
"../../../Engine/Plugins/Interchange/Runtime/Content/gltf/MaterialFunctions/MF_BaseColor.uasset" 623
"../../../Engine/Plugins/Interchange/Runtime/Content/gltf/MaterialFunctions/MF_BaseColor.uexp" 624
"../../../Engine/Plugins/Interchange/Runtime/Content/gltf/MaterialFunctions/MF_DiffuseSpecGloss.uasset" 625
"../../../Engine/Plugins/Interchange/Runtime/Content/gltf/MaterialFunctions/MF_DiffuseSpecGloss.uexp" 626
"../../../Engine/Plugins/Interchange/Runtime/Content/gltf/Textures/T_White_Linear.uasset" 627
"../../../Engine/Plugins/Interchange/Runtime/Content/gltf/Textures/T_White_Linear.uexp" 628
"../../../Engine/Plugins/Interchange/Runtime/Content/gltf/MaterialFunctions/MF_MetallicRoughness.uasset" 629
"../../../Engine/Plugins/Interchange/Runtime/Content/gltf/MaterialFunctions/MF_MetallicRoughness.uexp" 630
"../../../Engine/Plugins/Interchange/Runtime/Content/gltf/MaterialFunctions/MF_Transmission.uasset" 631
"../../../Engine/Plugins/Interchange/Runtime/Content/gltf/MaterialFunctions/MF_Transmission.uexp" 632
"../../../Engine/Plugins/Interchange/Runtime/Content/gltf/MaterialFunctions/MF_Occlusion.uasset" 633
"../../../Engine/Plugins/Interchange/Runtime/Content/gltf/MaterialFunctions/MF_Occlusion.uexp" 634
"../../../Engine/Plugins/Interchange/Runtime/Content/gltf/MaterialFunctions/MF_Specular.uasset" 635
"../../../Engine/Plugins/Interchange/Runtime/Content/gltf/MaterialFunctions/MF_Specular.uexp" 636
"../../../Engine/Plugins/Interchange/Runtime/Content/gltf/MaterialFunctions/MF_IOR.uasset" 637
"../../../Engine/Plugins/Interchange/Runtime/Content/gltf/MaterialFunctions/MF_IOR.uexp" 638
"../../../Engine/Content/Functions/Engine_MaterialFunctions01/Texturing/FlattenNormal.uasset" 639
"../../../Engine/Content/Functions/Engine_MaterialFunctions01/Texturing/FlattenNormal.uexp" 640
"../../../Engine/Content/Functions/Engine_MaterialFunctions02/Math/Transform3x3Matrix.uasset" 641
"../../../Engine/Content/Functions/Engine_MaterialFunctions02/Math/Transform3x3Matrix.uexp" 642
"../../../Engine/Plugins/Interchange/Runtime/Content/gltf/MaterialFunctions/MF_RotateNormals_TS.uasset" 643
"../../../Engine/Plugins/Interchange/Runtime/Content/gltf/MaterialFunctions/MF_RotateNormals_TS.uexp" 644
"../../../Engine/Plugins/Interchange/Runtime/Content/gltf/Textures/T_Generic_N.uasset" 645
"../../../Engine/Plugins/Interchange/Runtime/Content/gltf/Textures/T_Generic_N.uexp" 646
"../../../Engine/Plugins/Interchange/Runtime/Content/gltf/MaterialFunctions/MF_Normals.uasset" 647
"../../../Engine/Plugins/Interchange/Runtime/Content/gltf/MaterialFunctions/MF_Normals.uexp" 648
"../../../Engine/Plugins/Interchange/Runtime/Content/gltf/MaterialFunctions/MF_PerceivedBrightness.uasset" 649
"../../../Engine/Plugins/Interchange/Runtime/Content/gltf/MaterialFunctions/MF_PerceivedBrightness.uexp" 650
"../../../Engine/Plugins/Interchange/Runtime/Content/gltf/MaterialFunctions/MF_SpecGlossToMetalRoughness.uasset" 651
"../../../Engine/Plugins/Interchange/Runtime/Content/gltf/MaterialFunctions/MF_SpecGlossToMetalRoughness.uexp" 652
"../../../Engine/Plugins/Interchange/Runtime/Content/gltf/M_Transmission.uasset" 653
"../../../Engine/Plugins/Interchange/Runtime/Content/gltf/M_Transmission.uexp" 654
"../../../Engine/Plugins/Interchange/Runtime/Content/gltf/MaterialInstances_MR/MI_Transmission_TS.uasset" 655
"../../../Engine/Plugins/Interchange/Runtime/Content/gltf/MaterialInstances_MR/MI_Transmission_TS.uexp" 656
"../../../Engine/Plugins/Interchange/Runtime/Content/gltf/MaterialInstances_MR/MI_Transmission.uasset" 657
"../../../Engine/Plugins/Interchange/Runtime/Content/gltf/MaterialInstances_MR/MI_Transmission.uexp" 658
"../../../Engine/Plugins/Interchange/Runtime/Content/gltf/MaterialFunctions/MF_Clearcoat.uasset" 659
"../../../Engine/Plugins/Interchange/Runtime/Content/gltf/MaterialFunctions/MF_Clearcoat.uexp" 660
"../../../Engine/Plugins/Interchange/Runtime/Content/gltf/MaterialFunctions/MF_Emissive.uasset" 661
"../../../Engine/Plugins/Interchange/Runtime/Content/gltf/MaterialFunctions/MF_Emissive.uexp" 662
"../../../Engine/Plugins/Interchange/Runtime/Content/gltf/M_Translucent.uasset" 663
"../../../Engine/Plugins/Interchange/Runtime/Content/gltf/M_Translucent.uexp" 664
"../../../Engine/Plugins/Interchange/Runtime/Content/gltf/MaterialInstances_MR/MI_Translucent_TS.uasset" 665
"../../../Engine/Plugins/Interchange/Runtime/Content/gltf/MaterialInstances_MR/MI_Translucent_TS.uexp" 666
"../../../Engine/Plugins/Interchange/Runtime/Content/gltf/MaterialInstances_MR/MI_Translucent_ClearCoat_TS.uasset" 667
"../../../Engine/Plugins/Interchange/Runtime/Content/gltf/MaterialInstances_MR/MI_Translucent_ClearCoat_TS.uexp" 668
"../../../Engine/Plugins/Interchange/Runtime/Content/gltf/MaterialInstances_MR/MI_Translucent_ClearCoat.uasset" 669
"../../../Engine/Plugins/Interchange/Runtime/Content/gltf/MaterialInstances_MR/MI_Translucent_ClearCoat.uexp" 670
"../../../Engine/Plugins/Interchange/Runtime/Content/gltf/MaterialInstances_MR/MI_Translucent.uasset" 671
"../../../Engine/Plugins/Interchange/Runtime/Content/gltf/MaterialInstances_MR/MI_Translucent.uexp" 672
"../../../Engine/Plugins/Interchange/Runtime/Content/gltf/M_Unlit.uasset" 673
"../../../Engine/Plugins/Interchange/Runtime/Content/gltf/M_Unlit.uexp" 674
"../../../Engine/Plugins/Interchange/Runtime/Content/gltf/MaterialInstances_MR/MI_Opaque_Unlit_TS.uasset" 675
"../../../Engine/Plugins/Interchange/Runtime/Content/gltf/MaterialInstances_MR/MI_Opaque_Unlit_TS.uexp" 676
"../../../Engine/Plugins/Interchange/Runtime/Content/gltf/MaterialInstances_MR/MI_Opaque_Unlit.uasset" 677
"../../../Engine/Plugins/Interchange/Runtime/Content/gltf/MaterialInstances_MR/MI_Opaque_Unlit.uexp" 678
"../../../Engine/Plugins/Interchange/Runtime/Content/gltf/M_Opaque.uasset" 679
"../../../Engine/Plugins/Interchange/Runtime/Content/gltf/M_Opaque.uexp" 680
"../../../Engine/Plugins/Interchange/Runtime/Content/gltf/MaterialInstances_MR/MI_Opaque_TS.uasset" 681
"../../../Engine/Plugins/Interchange/Runtime/Content/gltf/MaterialInstances_MR/MI_Opaque_TS.uexp" 682
"../../../Engine/Plugins/Interchange/Runtime/Content/gltf/MaterialFunctions/MF_Sheen.uasset" 683
"../../../Engine/Plugins/Interchange/Runtime/Content/gltf/MaterialFunctions/MF_Sheen.uexp" 684
"../../../Engine/Content/Functions/Engine_MaterialFunctions01/Shading/FuzzyShading.uasset" 685
"../../../Engine/Content/Functions/Engine_MaterialFunctions01/Shading/FuzzyShading.uexp" 686
"../../../Engine/Plugins/Interchange/Runtime/Content/gltf/M_Sheen.uasset" 687
"../../../Engine/Plugins/Interchange/Runtime/Content/gltf/M_Sheen.uexp" 688
"../../../Engine/Plugins/Interchange/Runtime/Content/gltf/MaterialInstances_MR/MI_Opaque_Sheen_TS.uasset" 689
"../../../Engine/Plugins/Interchange/Runtime/Content/gltf/MaterialInstances_MR/MI_Opaque_Sheen_TS.uexp" 690
"../../../Engine/Plugins/Interchange/Runtime/Content/gltf/MaterialInstances_MR/MI_Opaque_Sheen.uasset" 691
"../../../Engine/Plugins/Interchange/Runtime/Content/gltf/MaterialInstances_MR/MI_Opaque_Sheen.uexp" 692
"../../../Engine/Plugins/Interchange/Runtime/Content/gltf/MaterialInstances_MR/MI_Opaque_ClearCoat_TS.uasset" 693
"../../../Engine/Plugins/Interchange/Runtime/Content/gltf/MaterialInstances_MR/MI_Opaque_ClearCoat_TS.uexp" 694
"../../../Engine/Plugins/Interchange/Runtime/Content/gltf/MaterialInstances_MR/MI_Opaque_ClearCoat.uasset" 695
"../../../Engine/Plugins/Interchange/Runtime/Content/gltf/MaterialInstances_MR/MI_Opaque_ClearCoat.uexp" 696
"../../../Engine/Plugins/Interchange/Runtime/Content/gltf/MaterialInstances_MR/MI_Opaque.uasset" 697
"../../../Engine/Plugins/Interchange/Runtime/Content/gltf/MaterialInstances_MR/MI_Opaque.uexp" 698
"../../../Engine/Plugins/Interchange/Runtime/Content/gltf/MaterialInstances_SG/MI_Transmission_TS.uasset" 699
"../../../Engine/Plugins/Interchange/Runtime/Content/gltf/MaterialInstances_SG/MI_Transmission_TS.uexp" 700
"../../../Engine/Plugins/Interchange/Runtime/Content/gltf/MaterialInstances_SG/MI_Transmission.uasset" 701
"../../../Engine/Plugins/Interchange/Runtime/Content/gltf/MaterialInstances_SG/MI_Transmission.uexp" 702
"../../../Engine/Plugins/Interchange/Runtime/Content/gltf/MaterialInstances_SG/MI_Translucent_TS.uasset" 703
"../../../Engine/Plugins/Interchange/Runtime/Content/gltf/MaterialInstances_SG/MI_Translucent_TS.uexp" 704
"../../../Engine/Plugins/Interchange/Runtime/Content/gltf/MaterialInstances_SG/MI_Translucent_ClearCoat_TS.uasset" 705
"../../../Engine/Plugins/Interchange/Runtime/Content/gltf/MaterialInstances_SG/MI_Translucent_ClearCoat_TS.uexp" 706
"../../../Engine/Plugins/Interchange/Runtime/Content/gltf/MaterialInstances_SG/MI_Translucent_ClearCoat.uasset" 707
"../../../Engine/Plugins/Interchange/Runtime/Content/gltf/MaterialInstances_SG/MI_Translucent_ClearCoat.uexp" 708
"../../../Engine/Plugins/Interchange/Runtime/Content/gltf/MaterialInstances_SG/MI_Translucent.uasset" 709
"../../../Engine/Plugins/Interchange/Runtime/Content/gltf/MaterialInstances_SG/MI_Translucent.uexp" 710
"../../../Engine/Plugins/Interchange/Runtime/Content/gltf/MaterialInstances_SG/MI_Opaque_TS.uasset" 711
"../../../Engine/Plugins/Interchange/Runtime/Content/gltf/MaterialInstances_SG/MI_Opaque_TS.uexp" 712
"../../../Engine/Plugins/Interchange/Runtime/Content/gltf/MaterialInstances_SG/MI_Opaque_Sheen_TS.uasset" 713
"../../../Engine/Plugins/Interchange/Runtime/Content/gltf/MaterialInstances_SG/MI_Opaque_Sheen_TS.uexp" 714
"../../../Engine/Plugins/Interchange/Runtime/Content/gltf/MaterialInstances_SG/MI_Opaque_Sheen.uasset" 715
"../../../Engine/Plugins/Interchange/Runtime/Content/gltf/MaterialInstances_SG/MI_Opaque_Sheen.uexp" 716
"../../../Engine/Plugins/Interchange/Runtime/Content/gltf/MaterialInstances_SG/MI_Opaque_ClearCoat_TS.uasset" 717
"../../../Engine/Plugins/Interchange/Runtime/Content/gltf/MaterialInstances_SG/MI_Opaque_ClearCoat_TS.uexp" 718
"../../../Engine/Plugins/Interchange/Runtime/Content/gltf/MaterialInstances_SG/MI_Opaque_ClearCoat.uasset" 719
"../../../Engine/Plugins/Interchange/Runtime/Content/gltf/MaterialInstances_SG/MI_Opaque_ClearCoat.uexp" 720
"../../../Engine/Plugins/Interchange/Runtime/Content/gltf/MaterialInstances_SG/MI_Opaque.uasset" 721
"../../../Engine/Plugins/Interchange/Runtime/Content/gltf/MaterialInstances_SG/MI_Opaque.uexp" 722
"../../../Engine/Plugins/Interchange/Runtime/Content/gltf/Textures/T_Gray_Linear.uasset" 723
"../../../Engine/Plugins/Interchange/Runtime/Content/gltf/Textures/T_Gray_Linear.uexp" 724
"../../../Engine/Plugins/Interchange/Runtime/Content/gltf/Textures/T_Black_srgb.uasset" 725
"../../../Engine/Plugins/Interchange/Runtime/Content/gltf/Textures/T_Black_srgb.uexp" 726
"../../../Engine/Plugins/Interchange/Runtime/Content/Materials/UnlitMaterial.uasset" 727
"../../../Engine/Plugins/Interchange/Runtime/Content/Materials/UnlitMaterial.uexp" 728
"../../../Engine/Content/EngineMaterials/DefaultNormal.ubulk" 729
"../../../Engine/Content/EngineMaterials/DefaultNormal.uasset" 730
"../../../Engine/Content/EngineMaterials/DefaultNormal.uexp" 731
"../../../Engine/Plugins/Interchange/Runtime/Content/Materials/MapOrScalarFunction.uasset" 732
"../../../Engine/Plugins/Interchange/Runtime/Content/Materials/MapOrScalarFunction.uexp" 733
"../../../Engine/Plugins/Interchange/Runtime/Content/Materials/MapOrLinearColorFunction.uasset" 734
"../../../Engine/Plugins/Interchange/Runtime/Content/Materials/MapOrLinearColorFunction.uexp" 735
"../../../Engine/Plugins/Interchange/Runtime/Content/Materials/MapOrColorFunction.uasset" 736
"../../../Engine/Plugins/Interchange/Runtime/Content/Materials/MapOrColorFunction.uexp" 737
"../../../Engine/Plugins/Interchange/Runtime/Content/Materials/CommonMaterial.uasset" 738
"../../../Engine/Plugins/Interchange/Runtime/Content/Materials/CommonMaterial.uexp" 739
"../../../Engine/Plugins/Interchange/Runtime/Content/Materials/PBRSurfaceFunction.uasset" 740
"../../../Engine/Plugins/Interchange/Runtime/Content/Materials/PBRSurfaceFunction.uexp" 741
"../../../Engine/Plugins/Interchange/Runtime/Content/Materials/ThinTranslucentMaterial.uasset" 742
"../../../Engine/Plugins/Interchange/Runtime/Content/Materials/ThinTranslucentMaterial.uexp" 743
"../../../Engine/Plugins/Interchange/Runtime/Content/Materials/SubsurfaceMaterial.uasset" 744
"../../../Engine/Plugins/Interchange/Runtime/Content/Materials/SubsurfaceMaterial.uexp" 745
"../../../Engine/Plugins/Interchange/Runtime/Content/Materials/SheenMaterial.uasset" 746
"../../../Engine/Plugins/Interchange/Runtime/Content/Materials/SheenMaterial.uexp" 747
"../../../Engine/Content/Functions/Engine_MaterialFunctions01/Shading/ConvertFromDiffSpec.uasset" 748
"../../../Engine/Content/Functions/Engine_MaterialFunctions01/Shading/ConvertFromDiffSpec.uexp" 749
"../../../Engine/Plugins/Interchange/Runtime/Content/Materials/PhongSurfaceMaterial.uasset" 750
"../../../Engine/Plugins/Interchange/Runtime/Content/Materials/PhongSurfaceMaterial.uexp" 751
"../../../Engine/Plugins/Interchange/Runtime/Content/Materials/PBRSurfaceMaterial.uasset" 752
"../../../Engine/Plugins/Interchange/Runtime/Content/Materials/PBRSurfaceMaterial.uexp" 753
"../../../Engine/Content/EngineMaterials/FlatNormal.uasset" 754
"../../../Engine/Content/EngineMaterials/FlatNormal.uexp" 755
"../../../Engine/Content/EditorLandscapeResources/WhiteSquareTexture.uasset" 756
"../../../Engine/Content/EditorLandscapeResources/WhiteSquareTexture.uexp" 757
"../../../Engine/Plugins/Interchange/Runtime/Content/Materials/OrenNayerMaterial.uasset" 758
"../../../Engine/Plugins/Interchange/Runtime/Content/Materials/OrenNayerMaterial.uexp" 759
"../../../Engine/Plugins/Interchange/Runtime/Content/Materials/LambertSurfaceMaterial.uasset" 760
"../../../Engine/Plugins/Interchange/Runtime/Content/Materials/LambertSurfaceMaterial.uexp" 761
"../../../Engine/Plugins/Interchange/Runtime/Content/Materials/ClearCoatMaterial.uasset" 762
"../../../Engine/Plugins/Interchange/Runtime/Content/Materials/ClearCoatMaterial.uexp" 763
"../../../Engine/Plugins/Interchange/Runtime/Content/Pipelines/DefaultTexturePipeline.uasset" 764
"../../../Engine/Plugins/Interchange/Runtime/Content/Pipelines/DefaultTexturePipeline.uexp" 765
"../../../Engine/Plugins/Interchange/Runtime/Content/Pipelines/DefaultSceneLevelPipeline.uasset" 766
"../../../Engine/Plugins/Interchange/Runtime/Content/Pipelines/DefaultSceneLevelPipeline.uexp" 767
"../../../Engine/Plugins/Interchange/Runtime/Content/Pipelines/DefaultSceneAssetsPipeline.uasset" 768
"../../../Engine/Plugins/Interchange/Runtime/Content/Pipelines/DefaultSceneAssetsPipeline.uexp" 769
"../../../Engine/Plugins/Interchange/Runtime/Content/Pipelines/DefaultMaterialPipeline.uasset" 770
"../../../Engine/Plugins/Interchange/Runtime/Content/Pipelines/DefaultMaterialPipeline.uexp" 771
"../../../Engine/Plugins/Interchange/Runtime/Content/Pipelines/DefaultAssetsPipeline.uasset" 772
"../../../Engine/Plugins/Interchange/Runtime/Content/Pipelines/DefaultAssetsPipeline.uexp" 773
"../../../Engine/Plugins/Runtime/MeshModelingToolset/Content/Materials/M_DynamicMeshComponentVtxColor.uasset" 774
"../../../Engine/Plugins/Runtime/MeshModelingToolset/Content/Materials/M_DynamicMeshComponentVtxColor.uexp" 775
"C:/Users/MHK/Documents/Unreal Projects/GameGame/Content/LevelPrototyping/Textures/T_GridChecker_A.ubulk" 776
"C:/Users/MHK/Documents/Unreal Projects/GameGame/Content/LevelPrototyping/Textures/T_GridChecker_A.uasset" 777
"C:/Users/MHK/Documents/Unreal Projects/GameGame/Content/LevelPrototyping/Textures/T_GridChecker_A.uexp" 778
"C:/Users/MHK/Documents/Unreal Projects/GameGame/Content/LevelPrototyping/Materials/MF_ProcGrid.uasset" 779
"C:/Users/MHK/Documents/Unreal Projects/GameGame/Content/LevelPrototyping/Materials/MF_ProcGrid.uexp" 780
"C:/Users/MHK/Documents/Unreal Projects/GameGame/Content/LevelPrototyping/Materials/M_PrototypeGrid.uasset" 781
"C:/Users/MHK/Documents/Unreal Projects/GameGame/Content/LevelPrototyping/Materials/M_PrototypeGrid.uexp" 782
"C:/Users/MHK/Documents/Unreal Projects/GameGame/Content/LevelPrototyping/Materials/MI_PrototypeGrid_TopDark.uasset" 783
"C:/Users/MHK/Documents/Unreal Projects/GameGame/Content/LevelPrototyping/Materials/MI_PrototypeGrid_TopDark.uexp" 784
"C:/Users/MHK/Documents/Unreal Projects/GameGame/Content/LevelPrototyping/Materials/MI_PrototypeGrid_Gray.uasset" 785
"C:/Users/MHK/Documents/Unreal Projects/GameGame/Content/LevelPrototyping/Materials/MI_PrototypeGrid_Gray.uexp" 786
"C:/Users/MHK/Documents/Unreal Projects/GameGame/Content/LevelPrototyping/Meshes/SM_Ramp.ubulk" 787
"C:/Users/MHK/Documents/Unreal Projects/GameGame/Content/LevelPrototyping/Meshes/SM_Ramp.uasset" 788
"C:/Users/MHK/Documents/Unreal Projects/GameGame/Content/LevelPrototyping/Meshes/SM_Ramp.uexp" 789
"C:/Users/MHK/Documents/Unreal Projects/GameGame/Content/LevelPrototyping/Meshes/SM_QuarterCylinder.ubulk" 790
"C:/Users/MHK/Documents/Unreal Projects/GameGame/Content/LevelPrototyping/Meshes/SM_QuarterCylinder.uasset" 791
"C:/Users/MHK/Documents/Unreal Projects/GameGame/Content/LevelPrototyping/Meshes/SM_QuarterCylinder.uexp" 792
"C:/Users/MHK/Documents/Unreal Projects/GameGame/Content/LevelPrototyping/Meshes/SM_Cube.ubulk" 793
"C:/Users/MHK/Documents/Unreal Projects/GameGame/Content/LevelPrototyping/Meshes/SM_Cube.uasset" 794
"C:/Users/MHK/Documents/Unreal Projects/GameGame/Content/LevelPrototyping/Meshes/SM_Cube.uexp" 795
"C:/Users/MHK/Documents/Unreal Projects/GameGame/Content/LevelPrototyping/Materials/M_Solid.uasset" 796
"C:/Users/MHK/Documents/Unreal Projects/GameGame/Content/LevelPrototyping/Materials/M_Solid.uexp" 797
"C:/Users/MHK/Documents/Unreal Projects/GameGame/Content/LevelPrototyping/Materials/MI_Solid_Blue.uasset" 798
"C:/Users/MHK/Documents/Unreal Projects/GameGame/Content/LevelPrototyping/Materials/MI_Solid_Blue.uexp" 799
"C:/Users/MHK/Documents/Unreal Projects/GameGame/Content/LevelPrototyping/Meshes/SM_ChamferCube.ubulk" 800
"C:/Users/MHK/Documents/Unreal Projects/GameGame/Content/LevelPrototyping/Meshes/SM_ChamferCube.uasset" 801
"C:/Users/MHK/Documents/Unreal Projects/GameGame/Content/LevelPrototyping/Meshes/SM_ChamferCube.uexp" 802
"../../../Engine/Content/Maps/Entry_BuiltData.uasset" 803
"../../../Engine/Content/Maps/Entry_BuiltData.uexp" 804
"../../../Engine/Content/Maps/Entry.uexp" 805
"../../../Engine/Content/Maps/Entry.umap" 806
"../../../Engine/Content/Maps/Templates/HLODs/HLODLayer_Instanced.uasset" 807
"../../../Engine/Content/Maps/Templates/HLODs/HLODLayer_Instanced.uexp" 808
"C:/Users/MHK/Documents/Unreal Projects/GameGame/Content/Characters/Mannequins/Meshes/SK_Mannequin.uasset" 809
"C:/Users/MHK/Documents/Unreal Projects/GameGame/Content/Characters/Mannequins/Meshes/SK_Mannequin.uexp" 810
"C:/Users/MHK/Documents/Unreal Projects/GameGame/Content/Characters/Mannequins/Textures/Quinn/T_Quinn_02ID_MSR_MSK.ubulk" 811
"C:/Users/MHK/Documents/Unreal Projects/GameGame/Content/Characters/Mannequins/Textures/Quinn/T_Quinn_02ID_MSR_MSK.uasset" 812
"C:/Users/MHK/Documents/Unreal Projects/GameGame/Content/Characters/Mannequins/Textures/Quinn/T_Quinn_02ID_MSR_MSK.uexp" 813
"C:/Users/MHK/Documents/Unreal Projects/GameGame/Content/Characters/Mannequins/Textures/Quinn/T_Quinn_02ID_BN.ubulk" 814
"C:/Users/MHK/Documents/Unreal Projects/GameGame/Content/Characters/Mannequins/Textures/Quinn/T_Quinn_02ID_BN.uasset" 815
"C:/Users/MHK/Documents/Unreal Projects/GameGame/Content/Characters/Mannequins/Textures/Quinn/T_Quinn_02ID_BN.uexp" 816
"C:/Users/MHK/Documents/Unreal Projects/GameGame/Content/Characters/Mannequins/Textures/Quinn/T_Quinn_02_ASAOMASK_MSK.ubulk" 817
"C:/Users/MHK/Documents/Unreal Projects/GameGame/Content/Characters/Mannequins/Textures/Quinn/T_Quinn_02_ASAOMASK_MSK.uasset" 818
"C:/Users/MHK/Documents/Unreal Projects/GameGame/Content/Characters/Mannequins/Textures/Quinn/T_Quinn_02_ASAOMASK_MSK.uexp" 819
"C:/Users/MHK/Documents/Unreal Projects/GameGame/Content/Characters/Mannequins/Textures/Quinn/T_Quinn_02_CCRCCPlastic_MSK.ubulk" 820
"C:/Users/MHK/Documents/Unreal Projects/GameGame/Content/Characters/Mannequins/Textures/Quinn/T_Quinn_02_CCRCCPlastic_MSK.uasset" 821
"C:/Users/MHK/Documents/Unreal Projects/GameGame/Content/Characters/Mannequins/Textures/Quinn/T_Quinn_02_CCRCCPlastic_MSK.uexp" 822
"C:/Users/MHK/Documents/Unreal Projects/GameGame/Content/Characters/Mannequins/Textures/Quinn/T_Quinn_02ID_Tan.ubulk" 823
"C:/Users/MHK/Documents/Unreal Projects/GameGame/Content/Characters/Mannequins/Textures/Quinn/T_Quinn_02ID_Tan.uasset" 824
"C:/Users/MHK/Documents/Unreal Projects/GameGame/Content/Characters/Mannequins/Textures/Quinn/T_Quinn_02ID_Tan.uexp" 825
"C:/Users/MHK/Documents/Unreal Projects/GameGame/Content/Characters/Mannequins/Textures/Quinn/T_Quinn_02ID_D.ubulk" 826
"C:/Users/MHK/Documents/Unreal Projects/GameGame/Content/Characters/Mannequins/Textures/Quinn/T_Quinn_02ID_D.uasset" 827
"C:/Users/MHK/Documents/Unreal Projects/GameGame/Content/Characters/Mannequins/Textures/Quinn/T_Quinn_02ID_D.uexp" 828
"C:/Users/MHK/Documents/Unreal Projects/GameGame/Content/Characters/Mannequins/Textures/Quinn/T_Quinn_01ID_MSR_MSK.ubulk" 829
"C:/Users/MHK/Documents/Unreal Projects/GameGame/Content/Characters/Mannequins/Textures/Quinn/T_Quinn_01ID_MSR_MSK.uasset" 830
"C:/Users/MHK/Documents/Unreal Projects/GameGame/Content/Characters/Mannequins/Textures/Quinn/T_Quinn_01ID_MSR_MSK.uexp" 831
"C:/Users/MHK/Documents/Unreal Projects/GameGame/Content/Characters/Mannequins/Materials/Functions/ChromaticCurve.uasset" 832
"C:/Users/MHK/Documents/Unreal Projects/GameGame/Content/Characters/Mannequins/Materials/Functions/ChromaticCurve.uexp" 833
"C:/Users/MHK/Documents/Unreal Projects/GameGame/Content/Characters/Mannequins/Materials/Functions/CA_Mannequin.uasset" 834
"C:/Users/MHK/Documents/Unreal Projects/GameGame/Content/Characters/Mannequins/Materials/Functions/CA_Mannequin.uexp" 835
"C:/Users/MHK/Documents/Unreal Projects/GameGame/Content/Characters/Mannequins/Materials/Functions/MF_Diffraction.uasset" 836
"C:/Users/MHK/Documents/Unreal Projects/GameGame/Content/Characters/Mannequins/Materials/Functions/MF_Diffraction.uexp" 837
"C:/Users/MHK/Documents/Unreal Projects/GameGame/Content/Characters/Mannequins/Textures/Manny/T_Manny_01_N.ubulk" 838
"C:/Users/MHK/Documents/Unreal Projects/GameGame/Content/Characters/Mannequins/Textures/Manny/T_Manny_01_N.uasset" 839
"C:/Users/MHK/Documents/Unreal Projects/GameGame/Content/Characters/Mannequins/Textures/Manny/T_Manny_01_N.uexp" 840
"C:/Users/MHK/Documents/Unreal Projects/GameGame/Content/Characters/Mannequins/Materials/Functions/ML_BaseColorFallOff.uasset" 841
"C:/Users/MHK/Documents/Unreal Projects/GameGame/Content/Characters/Mannequins/Materials/Functions/ML_BaseColorFallOff.uexp" 842
"../../../Engine/Content/Functions/Engine_MaterialFunctions01/Texturing/ScaleUVsByCenter.uasset" 843
"../../../Engine/Content/Functions/Engine_MaterialFunctions01/Texturing/ScaleUVsByCenter.uexp" 844
"C:/Users/MHK/Documents/Unreal Projects/GameGame/Content/Characters/Mannequins/Textures/Shared/T_UE_Logo_M.uasset" 845
"C:/Users/MHK/Documents/Unreal Projects/GameGame/Content/Characters/Mannequins/Textures/Shared/T_UE_Logo_M.uexp" 846
"C:/Users/MHK/Documents/Unreal Projects/GameGame/Content/Characters/Mannequins/Materials/Functions/MF_logo3layers.uasset" 847
"C:/Users/MHK/Documents/Unreal Projects/GameGame/Content/Characters/Mannequins/Materials/Functions/MF_logo3layers.uexp" 848
"C:/Users/MHK/Documents/Unreal Projects/GameGame/Content/Characters/Mannequins/Textures/Manny/T_Manny_01_CCRCCPlastic_MSK.ubulk" 849
"C:/Users/MHK/Documents/Unreal Projects/GameGame/Content/Characters/Mannequins/Textures/Manny/T_Manny_01_CCRCCPlastic_MSK.uasset" 850
"C:/Users/MHK/Documents/Unreal Projects/GameGame/Content/Characters/Mannequins/Textures/Manny/T_Manny_01_CCRCCPlastic_MSK.uexp" 851
"C:/Users/MHK/Documents/Unreal Projects/GameGame/Content/Characters/Mannequins/Textures/Manny/T_Manny_01_ASAOPMASK_MSK.ubulk" 852
"C:/Users/MHK/Documents/Unreal Projects/GameGame/Content/Characters/Mannequins/Textures/Manny/T_Manny_01_ASAOPMASK_MSK.uasset" 853
"C:/Users/MHK/Documents/Unreal Projects/GameGame/Content/Characters/Mannequins/Textures/Manny/T_Manny_01_ASAOPMASK_MSK.uexp" 854
"C:/Users/MHK/Documents/Unreal Projects/GameGame/Content/Characters/Mannequins/Textures/Manny/T_Manny_01_MSR_MSK.ubulk" 855
"C:/Users/MHK/Documents/Unreal Projects/GameGame/Content/Characters/Mannequins/Textures/Manny/T_Manny_01_MSR_MSK.uasset" 856
"C:/Users/MHK/Documents/Unreal Projects/GameGame/Content/Characters/Mannequins/Textures/Manny/T_Manny_01_MSR_MSK.uexp" 857
"C:/Users/MHK/Documents/Unreal Projects/GameGame/Content/Characters/Mannequins/Textures/Manny/T_Manny_01_BN.ubulk" 858
"C:/Users/MHK/Documents/Unreal Projects/GameGame/Content/Characters/Mannequins/Textures/Manny/T_Manny_01_BN.uasset" 859
"C:/Users/MHK/Documents/Unreal Projects/GameGame/Content/Characters/Mannequins/Textures/Manny/T_Manny_01_BN.uexp" 860
"C:/Users/MHK/Documents/Unreal Projects/GameGame/Content/Characters/Mannequins/Textures/Manny/T_Manny_01_D.ubulk" 861
"C:/Users/MHK/Documents/Unreal Projects/GameGame/Content/Characters/Mannequins/Textures/Manny/T_Manny_01_D.uasset" 862
"C:/Users/MHK/Documents/Unreal Projects/GameGame/Content/Characters/Mannequins/Textures/Manny/T_Manny_01_D.uexp" 863
"C:/Users/MHK/Documents/Unreal Projects/GameGame/Content/Characters/Mannequins/Textures/Manny/T_Manny_01_Tan.ubulk" 864
"C:/Users/MHK/Documents/Unreal Projects/GameGame/Content/Characters/Mannequins/Textures/Manny/T_Manny_01_Tan.uasset" 865
"C:/Users/MHK/Documents/Unreal Projects/GameGame/Content/Characters/Mannequins/Textures/Manny/T_Manny_01_Tan.uexp" 866
"C:/Users/MHK/Documents/Unreal Projects/GameGame/Content/Characters/Mannequins/Materials/M_Mannequin.uasset" 867
"C:/Users/MHK/Documents/Unreal Projects/GameGame/Content/Characters/Mannequins/Materials/M_Mannequin.uexp" 868
"C:/Users/MHK/Documents/Unreal Projects/GameGame/Content/Characters/Mannequins/Textures/Quinn/T_Quinn_01_ASAOMASK_MSK.ubulk" 869
"C:/Users/MHK/Documents/Unreal Projects/GameGame/Content/Characters/Mannequins/Textures/Quinn/T_Quinn_01_ASAOMASK_MSK.uasset" 870
"C:/Users/MHK/Documents/Unreal Projects/GameGame/Content/Characters/Mannequins/Textures/Quinn/T_Quinn_01_ASAOMASK_MSK.uexp" 871
"C:/Users/MHK/Documents/Unreal Projects/GameGame/Content/Characters/Mannequins/Textures/Quinn/T_Quinn_01ID_N.ubulk" 872
"C:/Users/MHK/Documents/Unreal Projects/GameGame/Content/Characters/Mannequins/Textures/Quinn/T_Quinn_01ID_N.uasset" 873
"C:/Users/MHK/Documents/Unreal Projects/GameGame/Content/Characters/Mannequins/Textures/Quinn/T_Quinn_01ID_N.uexp" 874
"C:/Users/MHK/Documents/Unreal Projects/GameGame/Content/Characters/Mannequins/Textures/Quinn/T_Quinn_01ID_BN.ubulk" 875
"C:/Users/MHK/Documents/Unreal Projects/GameGame/Content/Characters/Mannequins/Textures/Quinn/T_Quinn_01ID_BN.uasset" 876
"C:/Users/MHK/Documents/Unreal Projects/GameGame/Content/Characters/Mannequins/Textures/Quinn/T_Quinn_01ID_BN.uexp" 877
"C:/Users/MHK/Documents/Unreal Projects/GameGame/Content/Characters/Mannequins/Textures/Quinn/T_Quinn_01ID_D.ubulk" 878
"C:/Users/MHK/Documents/Unreal Projects/GameGame/Content/Characters/Mannequins/Textures/Quinn/T_Quinn_01ID_D.uasset" 879
"C:/Users/MHK/Documents/Unreal Projects/GameGame/Content/Characters/Mannequins/Textures/Quinn/T_Quinn_01ID_D.uexp" 880
"C:/Users/MHK/Documents/Unreal Projects/GameGame/Content/Characters/Mannequins/Textures/Quinn/T_Quinn_01ID_Tan.ubulk" 881
"C:/Users/MHK/Documents/Unreal Projects/GameGame/Content/Characters/Mannequins/Textures/Quinn/T_Quinn_01ID_Tan.uasset" 882
"C:/Users/MHK/Documents/Unreal Projects/GameGame/Content/Characters/Mannequins/Textures/Quinn/T_Quinn_01ID_Tan.uexp" 883
"C:/Users/MHK/Documents/Unreal Projects/GameGame/Content/Characters/Mannequins/Textures/Quinn/T_Quinn_01_CCRCCPlastic_MSK.ubulk" 884
"C:/Users/MHK/Documents/Unreal Projects/GameGame/Content/Characters/Mannequins/Textures/Quinn/T_Quinn_01_CCRCCPlastic_MSK.uasset" 885
"C:/Users/MHK/Documents/Unreal Projects/GameGame/Content/Characters/Mannequins/Textures/Quinn/T_Quinn_01_CCRCCPlastic_MSK.uexp" 886
"C:/Users/MHK/Documents/Unreal Projects/GameGame/Content/Characters/Mannequins/Materials/Instances/Quinn/MI_Quinn_01.uasset" 887
"C:/Users/MHK/Documents/Unreal Projects/GameGame/Content/Characters/Mannequins/Materials/Instances/Quinn/MI_Quinn_01.uexp" 888
"C:/Users/MHK/Documents/Unreal Projects/GameGame/Content/Characters/Mannequins/Textures/Quinn/T_Quinn_02ID_N.ubulk" 889
"C:/Users/MHK/Documents/Unreal Projects/GameGame/Content/Characters/Mannequins/Textures/Quinn/T_Quinn_02ID_N.uasset" 890
"C:/Users/MHK/Documents/Unreal Projects/GameGame/Content/Characters/Mannequins/Textures/Quinn/T_Quinn_02ID_N.uexp" 891
"C:/Users/MHK/Documents/Unreal Projects/GameGame/Content/Characters/Mannequins/Materials/Instances/Quinn/MI_Quinn_02.uasset" 892
"C:/Users/MHK/Documents/Unreal Projects/GameGame/Content/Characters/Mannequins/Materials/Instances/Quinn/MI_Quinn_02.uexp" 893
"C:/Users/MHK/Documents/Unreal Projects/GameGame/Content/Characters/Mannequins/Rigs/PA_Mannequin.uasset" 894
"C:/Users/MHK/Documents/Unreal Projects/GameGame/Content/Characters/Mannequins/Rigs/PA_Mannequin.uexp" 895
"C:/Users/MHK/Documents/Unreal Projects/GameGame/Content/Characters/Mannequins/Meshes/SKM_Quinn_Simple.uasset" 896
"C:/Users/MHK/Documents/Unreal Projects/GameGame/Content/Characters/Mannequins/Meshes/SKM_Quinn_Simple.uexp" 897
"C:/Users/MHK/Documents/Unreal Projects/GameGame/Content/ThirdPerson/Input/Actions/IA_Jump.uasset" 898
"C:/Users/MHK/Documents/Unreal Projects/GameGame/Content/ThirdPerson/Input/Actions/IA_Jump.uexp" 899
"C:/Users/MHK/Documents/Unreal Projects/GameGame/Content/ThirdPerson/Input/Actions/IA_Look.uasset" 900
"C:/Users/MHK/Documents/Unreal Projects/GameGame/Content/ThirdPerson/Input/Actions/IA_Look.uexp" 901
"C:/Users/MHK/Documents/Unreal Projects/GameGame/Content/ThirdPerson/Input/Actions/IA_Move.uasset" 902
"C:/Users/MHK/Documents/Unreal Projects/GameGame/Content/ThirdPerson/Input/Actions/IA_Move.uexp" 903
"C:/Users/MHK/Documents/Unreal Projects/GameGame/Content/ThirdPerson/Input/IMC_Default.uasset" 904
"C:/Users/MHK/Documents/Unreal Projects/GameGame/Content/ThirdPerson/Input/IMC_Default.uexp" 905
"../../../Engine/Content/Animation/DefaultAnimCurveCompressionSettings.uasset" 906
"../../../Engine/Content/Animation/DefaultAnimCurveCompressionSettings.uexp" 907
"../../../Engine/Content/Animation/DefaultAnimBoneCompressionSettings.uasset" 908
"../../../Engine/Content/Animation/DefaultAnimBoneCompressionSettings.uexp" 909
"C:/Users/MHK/Documents/Unreal Projects/GameGame/Content/Characters/Mannequins/Animations/Quinn/MF_Run_Fwd.uasset" 910
"C:/Users/MHK/Documents/Unreal Projects/GameGame/Content/Characters/Mannequins/Animations/Quinn/MF_Run_Fwd.uexp" 911
"C:/Users/MHK/Documents/Unreal Projects/GameGame/Content/Characters/Mannequins/Animations/Quinn/MF_Walk_Fwd.uasset" 912
"C:/Users/MHK/Documents/Unreal Projects/GameGame/Content/Characters/Mannequins/Animations/Quinn/MF_Walk_Fwd.uexp" 913
"../../../Engine/Content/Animation/DefaultRecorderBoneCompression.uasset" 914
"../../../Engine/Content/Animation/DefaultRecorderBoneCompression.uexp" 915
"C:/Users/MHK/Documents/Unreal Projects/GameGame/Content/Characters/Mannequins/Animations/Manny/MM_Walk_InPlace.uasset" 916
"C:/Users/MHK/Documents/Unreal Projects/GameGame/Content/Characters/Mannequins/Animations/Manny/MM_Walk_InPlace.uexp" 917
"C:/Users/MHK/Documents/Unreal Projects/GameGame/Content/Characters/Mannequins/Animations/Quinn/BS_MF_Unarmed_WalkRun.uasset" 918
"C:/Users/MHK/Documents/Unreal Projects/GameGame/Content/Characters/Mannequins/Animations/Quinn/BS_MF_Unarmed_WalkRun.uexp" 919
"C:/Users/MHK/Documents/Unreal Projects/GameGame/Content/Characters/Mannequins/Animations/Quinn/MF_Idle.uasset" 920
"C:/Users/MHK/Documents/Unreal Projects/GameGame/Content/Characters/Mannequins/Animations/Quinn/MF_Idle.uexp" 921
"C:/Users/MHK/Documents/Unreal Projects/GameGame/Content/Characters/Mannequins/Animations/Manny/MM_Fall_Loop.uasset" 922
"C:/Users/MHK/Documents/Unreal Projects/GameGame/Content/Characters/Mannequins/Animations/Manny/MM_Fall_Loop.uexp" 923
"C:/Users/MHK/Documents/Unreal Projects/GameGame/Content/Characters/Mannequins/Animations/Manny/MM_Jump.uasset" 924
"C:/Users/MHK/Documents/Unreal Projects/GameGame/Content/Characters/Mannequins/Animations/Manny/MM_Jump.uexp" 925
"../../../Engine/Plugins/Animation/ControlRig/Content/Controls/DefaultGizmoLibrary.uasset" 926
"../../../Engine/Plugins/Animation/ControlRig/Content/Controls/DefaultGizmoLibrary.uexp" 927
"C:/Users/MHK/Documents/Unreal Projects/GameGame/Content/Characters/Mannequins/Rigs/CR_Mannequin_BasicFootIK.uasset" 928
"C:/Users/MHK/Documents/Unreal Projects/GameGame/Content/Characters/Mannequins/Rigs/CR_Mannequin_BasicFootIK.uexp" 929
"C:/Users/MHK/Documents/Unreal Projects/GameGame/Content/Characters/Mannequins/Animations/Manny/MM_Run_Fwd.uasset" 930
"C:/Users/MHK/Documents/Unreal Projects/GameGame/Content/Characters/Mannequins/Animations/Manny/MM_Run_Fwd.uexp" 931
"C:/Users/MHK/Documents/Unreal Projects/GameGame/Content/Characters/Mannequins/Animations/Manny/MM_Walk_Fwd.uasset" 932
"C:/Users/MHK/Documents/Unreal Projects/GameGame/Content/Characters/Mannequins/Animations/Manny/MM_Walk_Fwd.uexp" 933
"C:/Users/MHK/Documents/Unreal Projects/GameGame/Content/Characters/Mannequins/Animations/Manny/BS_MM_WalkRun.uasset" 934
"C:/Users/MHK/Documents/Unreal Projects/GameGame/Content/Characters/Mannequins/Animations/Manny/BS_MM_WalkRun.uexp" 935
"C:/Users/MHK/Documents/Unreal Projects/GameGame/Content/Characters/Mannequins/Animations/Manny/MM_Land.uasset" 936
"C:/Users/MHK/Documents/Unreal Projects/GameGame/Content/Characters/Mannequins/Animations/Manny/MM_Land.uexp" 937
"C:/Users/MHK/Documents/Unreal Projects/GameGame/Content/Characters/Mannequins/Animations/Manny/MM_Idle.uasset" 938
"C:/Users/MHK/Documents/Unreal Projects/GameGame/Content/Characters/Mannequins/Animations/Manny/MM_Idle.uexp" 939
"C:/Users/MHK/Documents/Unreal Projects/GameGame/Content/Characters/Mannequins/Animations/ABP_Manny.uasset" 940
"C:/Users/MHK/Documents/Unreal Projects/GameGame/Content/Characters/Mannequins/Animations/ABP_Manny.uexp" 941
"C:/Users/MHK/Documents/Unreal Projects/GameGame/Content/Characters/Mannequins/Animations/ABP_Quinn.uasset" 942
"C:/Users/MHK/Documents/Unreal Projects/GameGame/Content/Characters/Mannequins/Animations/ABP_Quinn.uexp" 943
"../../../Engine/Content/EditorBlueprintResources/StandardMacros.uasset" 944
"../../../Engine/Content/EditorBlueprintResources/StandardMacros.uexp" 945
"C:/Users/MHK/Documents/Unreal Projects/GameGame/Content/ThirdPerson/Blueprints/BP_ThirdPersonCharacter.uasset" 946
"C:/Users/MHK/Documents/Unreal Projects/GameGame/Content/ThirdPerson/Blueprints/BP_ThirdPersonCharacter.uexp" 947
"C:/Users/MHK/Documents/Unreal Projects/GameGame/Content/ThirdPerson/Blueprints/BP_ThirdPersonGameMode.uasset" 948
"C:/Users/MHK/Documents/Unreal Projects/GameGame/Content/ThirdPerson/Blueprints/BP_ThirdPersonGameMode.uexp" 949
"C:/Users/MHK/Documents/Unreal Projects/GameGame/Content/OpenWorld/Sessions/Maps/ThirdPersonMap.uexp" 950
"C:/Users/MHK/Documents/Unreal Projects/GameGame/Content/OpenWorld/Sessions/Maps/ThirdPersonMap.umap" 951
"C:/Users/MHK/Documents/Unreal Projects/GameGame/Content/OpenWorld/Sessions/Maps/Map1_HLOD0_Instancing.uasset" 952
"C:/Users/MHK/Documents/Unreal Projects/GameGame/Content/OpenWorld/Sessions/Maps/Map1_HLOD0_Instancing.uexp" 953
"C:/Users/MHK/Documents/Unreal Projects/GameGame/Content/OpenWorld/Sessions/Maps/Map1.uexp" 954
"C:/Users/MHK/Documents/Unreal Projects/GameGame/Content/OpenWorld/Sessions/Maps/Map1.ubulk" 955
"C:/Users/MHK/Documents/Unreal Projects/GameGame/Content/OpenWorld/Sessions/Maps/Map1.umap" 956
"C:/Users/MHK/Documents/Unreal Projects/GameGame/Content/OpenWorld/Sessions/Maps/Map1/_Generated_/MainGrid_L1_X-1_Y-1_DL0.uexp" 957
"C:/Users/MHK/Documents/Unreal Projects/GameGame/Content/OpenWorld/Sessions/Maps/Map1/_Generated_/MainGrid_L1_X-1_Y-1_DL0.ubulk" 958
"C:/Users/MHK/Documents/Unreal Projects/GameGame/Content/OpenWorld/Sessions/Maps/Map1/_Generated_/MainGrid_L1_X-1_Y-1_DL0.umap" 959
"C:/Users/MHK/Documents/Unreal Projects/GameGame/Content/OpenWorld/Sessions/Maps/Map1/_Generated_/MainGrid_L1_X1_Y-2_DL0.uexp" 960
"C:/Users/MHK/Documents/Unreal Projects/GameGame/Content/OpenWorld/Sessions/Maps/Map1/_Generated_/MainGrid_L1_X1_Y-2_DL0.ubulk" 961
"C:/Users/MHK/Documents/Unreal Projects/GameGame/Content/OpenWorld/Sessions/Maps/Map1/_Generated_/MainGrid_L1_X1_Y-2_DL0.umap" 962
"C:/Users/MHK/Documents/Unreal Projects/GameGame/Content/OpenWorld/Sessions/Maps/Map1/_Generated_/MainGrid_L1_X-2_Y1_DL0.uexp" 963
"C:/Users/MHK/Documents/Unreal Projects/GameGame/Content/OpenWorld/Sessions/Maps/Map1/_Generated_/MainGrid_L1_X-2_Y1_DL0.ubulk" 964
"C:/Users/MHK/Documents/Unreal Projects/GameGame/Content/OpenWorld/Sessions/Maps/Map1/_Generated_/MainGrid_L1_X-2_Y1_DL0.umap" 965
"C:/Users/MHK/Documents/Unreal Projects/GameGame/Content/OpenWorld/Sessions/Maps/Map1/_Generated_/MainGrid_L1_X0_Y0_DL0.uexp" 966
"C:/Users/MHK/Documents/Unreal Projects/GameGame/Content/OpenWorld/Sessions/Maps/Map1/_Generated_/MainGrid_L1_X0_Y0_DL0.ubulk" 967
"C:/Users/MHK/Documents/Unreal Projects/GameGame/Content/OpenWorld/Sessions/Maps/Map1/_Generated_/MainGrid_L1_X0_Y0_DL0.umap" 968
"C:/Users/MHK/Documents/Unreal Projects/GameGame/Content/OpenWorld/Sessions/Maps/Map1/_Generated_/MainGrid_L1_X-1_Y-2_DL0.uexp" 969
"C:/Users/MHK/Documents/Unreal Projects/GameGame/Content/OpenWorld/Sessions/Maps/Map1/_Generated_/MainGrid_L1_X-1_Y-2_DL0.ubulk" 970
"C:/Users/MHK/Documents/Unreal Projects/GameGame/Content/OpenWorld/Sessions/Maps/Map1/_Generated_/MainGrid_L1_X-1_Y-2_DL0.umap" 971
"C:/Users/MHK/Documents/Unreal Projects/GameGame/Content/OpenWorld/Sessions/Maps/Map1/_Generated_/MainGrid_L1_X-2_Y-1_DL0.uexp" 972
"C:/Users/MHK/Documents/Unreal Projects/GameGame/Content/OpenWorld/Sessions/Maps/Map1/_Generated_/MainGrid_L1_X-2_Y-1_DL0.ubulk" 973
"C:/Users/MHK/Documents/Unreal Projects/GameGame/Content/OpenWorld/Sessions/Maps/Map1/_Generated_/MainGrid_L1_X-2_Y-1_DL0.umap" 974
"C:/Users/MHK/Documents/Unreal Projects/GameGame/Content/OpenWorld/Sessions/Maps/Map1/_Generated_/MainGrid_L1_X0_Y-2_DL0.uexp" 975
"C:/Users/MHK/Documents/Unreal Projects/GameGame/Content/OpenWorld/Sessions/Maps/Map1/_Generated_/MainGrid_L1_X0_Y-2_DL0.ubulk" 976
"C:/Users/MHK/Documents/Unreal Projects/GameGame/Content/OpenWorld/Sessions/Maps/Map1/_Generated_/MainGrid_L1_X0_Y-2_DL0.umap" 977
"C:/Users/MHK/Documents/Unreal Projects/GameGame/Content/OpenWorld/Sessions/Maps/Map1/_Generated_/MainGrid_L1_X-2_Y0_DL0.uexp" 978
"C:/Users/MHK/Documents/Unreal Projects/GameGame/Content/OpenWorld/Sessions/Maps/Map1/_Generated_/MainGrid_L1_X-2_Y0_DL0.ubulk" 979
"C:/Users/MHK/Documents/Unreal Projects/GameGame/Content/OpenWorld/Sessions/Maps/Map1/_Generated_/MainGrid_L1_X-2_Y0_DL0.umap" 980
"C:/Users/MHK/Documents/Unreal Projects/GameGame/Content/OpenWorld/Sessions/Maps/Map1/_Generated_/MainGrid_L1_X-1_Y0_DL0.uexp" 981
"C:/Users/MHK/Documents/Unreal Projects/GameGame/Content/OpenWorld/Sessions/Maps/Map1/_Generated_/MainGrid_L1_X-1_Y0_DL0.ubulk" 982
"C:/Users/MHK/Documents/Unreal Projects/GameGame/Content/OpenWorld/Sessions/Maps/Map1/_Generated_/MainGrid_L1_X-1_Y0_DL0.umap" 983
"C:/Users/MHK/Documents/Unreal Projects/GameGame/Content/OpenWorld/Sessions/Maps/Map1/_Generated_/MainGrid_L1_X0_Y-1_DL0.uexp" 984
"C:/Users/MHK/Documents/Unreal Projects/GameGame/Content/OpenWorld/Sessions/Maps/Map1/_Generated_/MainGrid_L1_X0_Y-1_DL0.ubulk" 985
"C:/Users/MHK/Documents/Unreal Projects/GameGame/Content/OpenWorld/Sessions/Maps/Map1/_Generated_/MainGrid_L1_X0_Y-1_DL0.umap" 986
"C:/Users/MHK/Documents/Unreal Projects/GameGame/Content/OpenWorld/Sessions/Maps/Map1/_Generated_/MainGrid_L1_X1_Y0_DL0.uexp" 987
"C:/Users/MHK/Documents/Unreal Projects/GameGame/Content/OpenWorld/Sessions/Maps/Map1/_Generated_/MainGrid_L1_X1_Y0_DL0.ubulk" 988
"C:/Users/MHK/Documents/Unreal Projects/GameGame/Content/OpenWorld/Sessions/Maps/Map1/_Generated_/MainGrid_L1_X1_Y0_DL0.umap" 989
"C:/Users/MHK/Documents/Unreal Projects/GameGame/Content/OpenWorld/Sessions/Maps/Map1/_Generated_/MainGrid_L1_X1_Y-1_DL0.uexp" 990
"C:/Users/MHK/Documents/Unreal Projects/GameGame/Content/OpenWorld/Sessions/Maps/Map1/_Generated_/MainGrid_L1_X1_Y-1_DL0.ubulk" 991
"C:/Users/MHK/Documents/Unreal Projects/GameGame/Content/OpenWorld/Sessions/Maps/Map1/_Generated_/MainGrid_L1_X1_Y-1_DL0.umap" 992
"C:/Users/MHK/Documents/Unreal Projects/GameGame/Content/OpenWorld/Sessions/Maps/Map1/_Generated_/MainGrid_L1_X1_Y1_DL0.uexp" 993
"C:/Users/MHK/Documents/Unreal Projects/GameGame/Content/OpenWorld/Sessions/Maps/Map1/_Generated_/MainGrid_L1_X1_Y1_DL0.ubulk" 994
"C:/Users/MHK/Documents/Unreal Projects/GameGame/Content/OpenWorld/Sessions/Maps/Map1/_Generated_/MainGrid_L1_X1_Y1_DL0.umap" 995
"C:/Users/MHK/Documents/Unreal Projects/GameGame/Content/OpenWorld/Sessions/Maps/Map1/_Generated_/MainGrid_L1_X-2_Y-2_DL0.uexp" 996
"C:/Users/MHK/Documents/Unreal Projects/GameGame/Content/OpenWorld/Sessions/Maps/Map1/_Generated_/MainGrid_L1_X-2_Y-2_DL0.ubulk" 997
"C:/Users/MHK/Documents/Unreal Projects/GameGame/Content/OpenWorld/Sessions/Maps/Map1/_Generated_/MainGrid_L1_X-2_Y-2_DL0.umap" 998
"C:/Users/MHK/Documents/Unreal Projects/GameGame/Content/OpenWorld/Sessions/Maps/Map1/_Generated_/MainGrid_L1_X-1_Y1_DL0.uexp" 999
"C:/Users/MHK/Documents/Unreal Projects/GameGame/Content/OpenWorld/Sessions/Maps/Map1/_Generated_/MainGrid_L1_X-1_Y1_DL0.ubulk" 1000
"C:/Users/MHK/Documents/Unreal Projects/GameGame/Content/OpenWorld/Sessions/Maps/Map1/_Generated_/MainGrid_L1_X-1_Y1_DL0.umap" 1001
"C:/Users/MHK/Documents/Unreal Projects/GameGame/Content/OpenWorld/Sessions/Maps/Map1/_Generated_/MainGrid_L1_X0_Y1_DL0.uexp" 1002
"C:/Users/MHK/Documents/Unreal Projects/GameGame/Content/OpenWorld/Sessions/Maps/Map1/_Generated_/MainGrid_L1_X0_Y1_DL0.ubulk" 1003
"C:/Users/MHK/Documents/Unreal Projects/GameGame/Content/OpenWorld/Sessions/Maps/Map1/_Generated_/MainGrid_L1_X0_Y1_DL0.umap" 1004
